<?xml version="1.0"?>
<!DOCTYPE coverage SYSTEM "http://cobertura.sourceforge.net/xml/coverage-04.dtd">

<coverage line-rate="0.5374449339207048" branch-rate="0.5833333333333334" lines-covered="122" lines-valid="227" branches-covered="35" branches-valid="60" complexity="1.603448275862069" version="1.9.4.1" timestamp="1346321534973">
	<sources>
		<source>/Users/sxs/src/java/jebnf/jebnf-cli/src/main/java</source>
		<source>--source</source>
	</sources>
	<packages>
		<package name="de.weltraumschaf.jebnf.cli" line-rate="0.5374449339207048" branch-rate="0.5833333333333334" complexity="1.603448275862069">
			<classes>
				<class name="de.weltraumschaf.jebnf.cli.BaseInvokeable" filename="de/weltraumschaf/jebnf/cli/BaseInvokeable.java" line-rate="0.0" branch-rate="1.0" complexity="1.0">
					<methods>
						<method name="&lt;init&gt;" signature="(Lde/weltraumschaf/jebnf/cli/CliOptions;Lde/weltraumschaf/jebnf/cli/IOStreams;Lde/weltraumschaf/jebnf/cli/Invoker;)V" line-rate="0.0" branch-rate="1.0">
							<lines>
								<line number="43" hits="0" branch="false"/>
								<line number="44" hits="0" branch="false"/>
								<line number="45" hits="0" branch="false"/>
								<line number="46" hits="0" branch="false"/>
								<line number="47" hits="0" branch="false"/>
							</lines>
						</method>
					</methods>
					<lines>
						<line number="43" hits="0" branch="false"/>
						<line number="44" hits="0" branch="false"/>
						<line number="45" hits="0" branch="false"/>
						<line number="46" hits="0" branch="false"/>
						<line number="47" hits="0" branch="false"/>
					</lines>
				</class>
				<class name="de.weltraumschaf.jebnf.cli.CliApp" filename="de/weltraumschaf/jebnf/cli/CliApp.java" line-rate="0.0" branch-rate="0.0" complexity="4.0">
					<methods>
						<method name="&lt;init&gt;" signature="(Lde/weltraumschaf/jebnf/cli/CliOptions;Lde/weltraumschaf/jebnf/cli/IOStreams;Lde/weltraumschaf/jebnf/cli/Invoker;)V" line-rate="0.0" branch-rate="1.0">
							<lines>
								<line number="47" hits="0" branch="false"/>
								<line number="57" hits="0" branch="false"/>
								<line number="58" hits="0" branch="false"/>
							</lines>
						</method>
						<method name="execute" signature="()V" line-rate="0.0" branch-rate="0.0">
							<lines>
								<line number="62" hits="0" branch="true" condition-coverage="0% (0/2)">
									<conditions>
										<condition number="0" type="jump" coverage="0%"/>
									</conditions>
								</line>
								<line number="63" hits="0" branch="false"/>
								<line number="64" hits="0" branch="false"/>
								<line number="67" hits="0" branch="false"/>
								<line number="70" hits="0" branch="true" condition-coverage="0% (0/2)">
									<conditions>
										<condition number="0" type="jump" coverage="0%"/>
									</conditions>
								</line>
								<line number="71" hits="0" branch="false"/>
								<line number="72" hits="0" branch="false"/>
								<line number="73" hits="0" branch="false"/>
								<line number="74" hits="0" branch="false"/>
								<line number="75" hits="0" branch="false"/>
								<line number="76" hits="0" branch="false"/>
								<line number="77" hits="0" branch="false"/>
								<line number="79" hits="0" branch="false"/>
								<line number="80" hits="0" branch="false"/>
								<line number="82" hits="0" branch="true" condition-coverage="0% (0/2)">
									<conditions>
										<condition number="0" type="jump" coverage="0%"/>
									</conditions>
								</line>
								<line number="83" hits="0" branch="false"/>
								<line number="86" hits="0" branch="false"/>
								<line number="87" hits="0" branch="false"/>
								<line number="88" hits="0" branch="false"/>
								<line number="90" hits="0" branch="true" condition-coverage="0% (0/2)">
									<conditions>
										<condition number="0" type="jump" coverage="0%"/>
									</conditions>
								</line>
								<line number="91" hits="0" branch="false"/>
								<line number="94" hits="0" branch="false"/>
								<line number="95" hits="0" branch="false"/>
								<line number="96" hits="0" branch="false"/>
								<line number="98" hits="0" branch="true" condition-coverage="0% (0/2)">
									<conditions>
										<condition number="0" type="jump" coverage="0%"/>
									</conditions>
								</line>
								<line number="99" hits="0" branch="false"/>
								<line number="102" hits="0" branch="false"/>
								<line number="103" hits="0" branch="false"/>
								<line number="105" hits="0" branch="false"/>
								<line number="106" hits="0" branch="false"/>
							</lines>
						</method>
						<method name="foo" signature="()V" line-rate="0.0" branch-rate="1.0">
							<lines>
								<line number="114" hits="0" branch="false"/>
								<line number="115" hits="0" branch="false"/>
								<line number="116" hits="0" branch="false"/>
								<line number="117" hits="0" branch="false"/>
								<line number="118" hits="0" branch="false"/>
								<line number="121" hits="0" branch="false"/>
								<line number="122" hits="0" branch="false"/>
								<line number="123" hits="0" branch="false"/>
								<line number="124" hits="0" branch="false"/>
								<line number="125" hits="0" branch="false"/>
							</lines>
						</method>
					</methods>
					<lines>
						<line number="47" hits="0" branch="false"/>
						<line number="57" hits="0" branch="false"/>
						<line number="58" hits="0" branch="false"/>
						<line number="62" hits="0" branch="true" condition-coverage="0% (0/2)">
							<conditions>
								<condition number="0" type="jump" coverage="0%"/>
							</conditions>
						</line>
						<line number="63" hits="0" branch="false"/>
						<line number="64" hits="0" branch="false"/>
						<line number="67" hits="0" branch="false"/>
						<line number="70" hits="0" branch="true" condition-coverage="0% (0/2)">
							<conditions>
								<condition number="0" type="jump" coverage="0%"/>
							</conditions>
						</line>
						<line number="71" hits="0" branch="false"/>
						<line number="72" hits="0" branch="false"/>
						<line number="73" hits="0" branch="false"/>
						<line number="74" hits="0" branch="false"/>
						<line number="75" hits="0" branch="false"/>
						<line number="76" hits="0" branch="false"/>
						<line number="77" hits="0" branch="false"/>
						<line number="79" hits="0" branch="false"/>
						<line number="80" hits="0" branch="false"/>
						<line number="82" hits="0" branch="true" condition-coverage="0% (0/2)">
							<conditions>
								<condition number="0" type="jump" coverage="0%"/>
							</conditions>
						</line>
						<line number="83" hits="0" branch="false"/>
						<line number="86" hits="0" branch="false"/>
						<line number="87" hits="0" branch="false"/>
						<line number="88" hits="0" branch="false"/>
						<line number="90" hits="0" branch="true" condition-coverage="0% (0/2)">
							<conditions>
								<condition number="0" type="jump" coverage="0%"/>
							</conditions>
						</line>
						<line number="91" hits="0" branch="false"/>
						<line number="94" hits="0" branch="false"/>
						<line number="95" hits="0" branch="false"/>
						<line number="96" hits="0" branch="false"/>
						<line number="98" hits="0" branch="true" condition-coverage="0% (0/2)">
							<conditions>
								<condition number="0" type="jump" coverage="0%"/>
							</conditions>
						</line>
						<line number="99" hits="0" branch="false"/>
						<line number="102" hits="0" branch="false"/>
						<line number="103" hits="0" branch="false"/>
						<line number="105" hits="0" branch="false"/>
						<line number="106" hits="0" branch="false"/>
						<line number="114" hits="0" branch="false"/>
						<line number="115" hits="0" branch="false"/>
						<line number="116" hits="0" branch="false"/>
						<line number="117" hits="0" branch="false"/>
						<line number="118" hits="0" branch="false"/>
						<line number="121" hits="0" branch="false"/>
						<line number="122" hits="0" branch="false"/>
						<line number="123" hits="0" branch="false"/>
						<line number="124" hits="0" branch="false"/>
						<line number="125" hits="0" branch="false"/>
					</lines>
				</class>
				<class name="de.weltraumschaf.jebnf.cli.CliOptions" filename="de/weltraumschaf/jebnf/cli/CliOptions.java" line-rate="0.9347826086956522" branch-rate="0.8" complexity="1.0869565217391304">
					<methods>
						<method name="&lt;init&gt;" signature="()V" line-rate="1.0" branch-rate="1.0">
							<lines>
								<line number="45" hits="15" branch="false"/>
								<line number="50" hits="15" branch="false"/>
								<line number="84" hits="15" branch="false"/>
								<line number="85" hits="15" branch="false"/>
								<line number="87" hits="15" branch="false"/>
								<line number="88" hits="15" branch="false"/>
								<line number="89" hits="15" branch="false"/>
								<line number="91" hits="15" branch="false"/>
								<line number="94" hits="15" branch="false"/>
								<line number="95" hits="15" branch="false"/>
								<line number="96" hits="15" branch="false"/>
								<line number="97" hits="15" branch="false"/>
								<line number="98" hits="15" branch="false"/>
							</lines>
						</method>
						<method name="format" signature="(Lorg/apache/commons/cli/HelpFormatter;)V" line-rate="1.0" branch-rate="1.0">
							<lines>
								<line number="300" hits="1" branch="false"/>
								<line number="301" hits="1" branch="false"/>
							</lines>
						</method>
						<method name="getOptions" signature="()Lorg/apache/commons/cli/Options;" line-rate="1.0" branch-rate="1.0">
							<lines>
								<line number="106" hits="13" branch="false"/>
							</lines>
						</method>
						<method name="getOutputFile" signature="()Ljava/lang/String;" line-rate="1.0" branch-rate="1.0">
							<lines>
								<line number="226" hits="2" branch="false"/>
							</lines>
						</method>
						<method name="getOutputFormat" signature="()Lde/weltraumschaf/jebnf/cli/OutputFormat;" line-rate="1.0" branch-rate="1.0">
							<lines>
								<line number="208" hits="5" branch="false"/>
							</lines>
						</method>
						<method name="getSyntaxFile" signature="()Ljava/lang/String;" line-rate="1.0" branch-rate="1.0">
							<lines>
								<line number="244" hits="2" branch="false"/>
							</lines>
						</method>
						<method name="hasOutputFile" signature="()Z" line-rate="1.0" branch-rate="0.75">
							<lines>
								<line number="217" hits="3" branch="true" condition-coverage="75% (3/4)">
									<conditions>
										<condition number="0" type="jump" coverage="50%"/>
										<condition number="1" type="jump" coverage="100%"/>
									</conditions>
								</line>
							</lines>
						</method>
						<method name="hasOutputFormat" signature="()Z" line-rate="1.0" branch-rate="1.0">
							<lines>
								<line number="199" hits="16" branch="true" condition-coverage="100% (2/2)">
									<conditions>
										<condition number="0" type="jump" coverage="100%"/>
									</conditions>
								</line>
							</lines>
						</method>
						<method name="hasSyntaxFile" signature="()Z" line-rate="1.0" branch-rate="0.75">
							<lines>
								<line number="235" hits="8" branch="true" condition-coverage="75% (3/4)">
									<conditions>
										<condition number="0" type="jump" coverage="50%"/>
										<condition number="1" type="jump" coverage="100%"/>
									</conditions>
								</line>
							</lines>
						</method>
						<method name="isDebug" signature="()Z" line-rate="1.0" branch-rate="1.0">
							<lines>
								<line number="253" hits="6" branch="false"/>
							</lines>
						</method>
						<method name="isHelp" signature="()Z" line-rate="1.0" branch-rate="1.0">
							<lines>
								<line number="262" hits="6" branch="false"/>
							</lines>
						</method>
						<method name="isIde" signature="()Z" line-rate="1.0" branch-rate="1.0">
							<lines>
								<line number="289" hits="6" branch="false"/>
							</lines>
						</method>
						<method name="isShowVersion" signature="()Z" line-rate="0.0" branch-rate="1.0">
							<lines>
								<line number="280" hits="0" branch="false"/>
							</lines>
						</method>
						<method name="isTextTree" signature="()Z" line-rate="1.0" branch-rate="1.0">
							<lines>
								<line number="271" hits="6" branch="false"/>
							</lines>
						</method>
						<method name="parse" signature="([Ljava/lang/String;)V" line-rate="1.0" branch-rate="1.0">
							<lines>
								<line number="189" hits="12" branch="false"/>
								<line number="190" hits="12" branch="false"/>
								<line number="191" hits="12" branch="false"/>
							</lines>
						</method>
						<method name="setDebug" signature="(Z)V" line-rate="1.0" branch-rate="1.0">
							<lines>
								<line number="115" hits="1" branch="false"/>
								<line number="116" hits="1" branch="false"/>
							</lines>
						</method>
						<method name="setHelp" signature="(Z)V" line-rate="1.0" branch-rate="1.0">
							<lines>
								<line number="124" hits="1" branch="false"/>
								<line number="125" hits="1" branch="false"/>
							</lines>
						</method>
						<method name="setIde" signature="(Z)V" line-rate="1.0" branch-rate="1.0">
							<lines>
								<line number="133" hits="2" branch="false"/>
								<line number="134" hits="2" branch="false"/>
							</lines>
						</method>
						<method name="setOutputFile" signature="(Ljava/lang/String;)V" line-rate="1.0" branch-rate="1.0">
							<lines>
								<line number="142" hits="2" branch="false"/>
								<line number="143" hits="2" branch="false"/>
							</lines>
						</method>
						<method name="setOutputFormat" signature="(Lde/weltraumschaf/jebnf/cli/OutputFormat;)V" line-rate="1.0" branch-rate="1.0">
							<lines>
								<line number="151" hits="5" branch="false"/>
								<line number="152" hits="5" branch="false"/>
							</lines>
						</method>
						<method name="setSyntaxFile" signature="(Ljava/lang/String;)V" line-rate="1.0" branch-rate="1.0">
							<lines>
								<line number="160" hits="2" branch="false"/>
								<line number="161" hits="2" branch="false"/>
							</lines>
						</method>
						<method name="setTextTree" signature="(Z)V" line-rate="1.0" branch-rate="1.0">
							<lines>
								<line number="169" hits="1" branch="false"/>
								<line number="170" hits="1" branch="false"/>
							</lines>
						</method>
						<method name="setVersion" signature="(Z)V" line-rate="0.0" branch-rate="1.0">
							<lines>
								<line number="179" hits="0" branch="false"/>
								<line number="180" hits="0" branch="false"/>
							</lines>
						</method>
					</methods>
					<lines>
						<line number="45" hits="15" branch="false"/>
						<line number="50" hits="15" branch="false"/>
						<line number="84" hits="15" branch="false"/>
						<line number="85" hits="15" branch="false"/>
						<line number="87" hits="15" branch="false"/>
						<line number="88" hits="15" branch="false"/>
						<line number="89" hits="15" branch="false"/>
						<line number="91" hits="15" branch="false"/>
						<line number="94" hits="15" branch="false"/>
						<line number="95" hits="15" branch="false"/>
						<line number="96" hits="15" branch="false"/>
						<line number="97" hits="15" branch="false"/>
						<line number="98" hits="15" branch="false"/>
						<line number="106" hits="13" branch="false"/>
						<line number="115" hits="1" branch="false"/>
						<line number="116" hits="1" branch="false"/>
						<line number="124" hits="1" branch="false"/>
						<line number="125" hits="1" branch="false"/>
						<line number="133" hits="2" branch="false"/>
						<line number="134" hits="2" branch="false"/>
						<line number="142" hits="2" branch="false"/>
						<line number="143" hits="2" branch="false"/>
						<line number="151" hits="5" branch="false"/>
						<line number="152" hits="5" branch="false"/>
						<line number="160" hits="2" branch="false"/>
						<line number="161" hits="2" branch="false"/>
						<line number="169" hits="1" branch="false"/>
						<line number="170" hits="1" branch="false"/>
						<line number="179" hits="0" branch="false"/>
						<line number="180" hits="0" branch="false"/>
						<line number="189" hits="12" branch="false"/>
						<line number="190" hits="12" branch="false"/>
						<line number="191" hits="12" branch="false"/>
						<line number="199" hits="16" branch="true" condition-coverage="100% (2/2)">
							<conditions>
								<condition number="0" type="jump" coverage="100%"/>
							</conditions>
						</line>
						<line number="208" hits="5" branch="false"/>
						<line number="217" hits="3" branch="true" condition-coverage="75% (3/4)">
							<conditions>
								<condition number="0" type="jump" coverage="50%"/>
								<condition number="1" type="jump" coverage="100%"/>
							</conditions>
						</line>
						<line number="226" hits="2" branch="false"/>
						<line number="235" hits="8" branch="true" condition-coverage="75% (3/4)">
							<conditions>
								<condition number="0" type="jump" coverage="50%"/>
								<condition number="1" type="jump" coverage="100%"/>
							</conditions>
						</line>
						<line number="244" hits="2" branch="false"/>
						<line number="253" hits="6" branch="false"/>
						<line number="262" hits="6" branch="false"/>
						<line number="271" hits="6" branch="false"/>
						<line number="280" hits="0" branch="false"/>
						<line number="289" hits="6" branch="false"/>
						<line number="300" hits="1" branch="false"/>
						<line number="301" hits="1" branch="false"/>
					</lines>
				</class>
				<class name="de.weltraumschaf.jebnf.cli.GuiApp" filename="de/weltraumschaf/jebnf/cli/GuiApp.java" line-rate="0.0" branch-rate="1.0" complexity="1.0">
					<methods>
						<method name="&lt;init&gt;" signature="(Lde/weltraumschaf/jebnf/cli/CliOptions;Lde/weltraumschaf/jebnf/cli/IOStreams;Lde/weltraumschaf/jebnf/cli/Invoker;)V" line-rate="0.0" branch-rate="1.0">
							<lines>
								<line number="41" hits="0" branch="false"/>
								<line number="46" hits="0" branch="false"/>
								<line number="56" hits="0" branch="false"/>
								<line number="57" hits="0" branch="false"/>
							</lines>
						</method>
						<method name="execute" signature="()V" line-rate="0.0" branch-rate="1.0">
							<lines>
								<line number="64" hits="0" branch="false"/>
								<line number="65" hits="0" branch="false"/>
							</lines>
						</method>
						<method name="run" signature="()V" line-rate="0.0" branch-rate="1.0">
							<lines>
								<line number="69" hits="0" branch="false"/>
								<line number="70" hits="0" branch="false"/>
								<line number="71" hits="0" branch="false"/>
								<line number="72" hits="0" branch="false"/>
								<line number="73" hits="0" branch="false"/>
								<line number="74" hits="0" branch="false"/>
								<line number="75" hits="0" branch="false"/>
								<line number="76" hits="0" branch="false"/>
								<line number="77" hits="0" branch="false"/>
								<line number="78" hits="0" branch="false"/>
								<line number="79" hits="0" branch="false"/>
							</lines>
						</method>
					</methods>
					<lines>
						<line number="41" hits="0" branch="false"/>
						<line number="46" hits="0" branch="false"/>
						<line number="56" hits="0" branch="false"/>
						<line number="57" hits="0" branch="false"/>
						<line number="64" hits="0" branch="false"/>
						<line number="65" hits="0" branch="false"/>
						<line number="69" hits="0" branch="false"/>
						<line number="70" hits="0" branch="false"/>
						<line number="71" hits="0" branch="false"/>
						<line number="72" hits="0" branch="false"/>
						<line number="73" hits="0" branch="false"/>
						<line number="74" hits="0" branch="false"/>
						<line number="75" hits="0" branch="false"/>
						<line number="76" hits="0" branch="false"/>
						<line number="77" hits="0" branch="false"/>
						<line number="78" hits="0" branch="false"/>
						<line number="79" hits="0" branch="false"/>
					</lines>
				</class>
				<class name="de.weltraumschaf.jebnf.cli.IOStreams" filename="de/weltraumschaf/jebnf/cli/IOStreams.java" line-rate="0.8666666666666667" branch-rate="1.0" complexity="1.0">
					<methods>
						<method name="&lt;init&gt;" signature="(Ljava/io/InputStream;Ljava/io/PrintStream;Ljava/io/PrintStream;)V" line-rate="1.0" branch-rate="1.0">
							<lines>
								<line number="46" hits="13" branch="false"/>
								<line number="47" hits="13" branch="false"/>
								<line number="48" hits="13" branch="false"/>
								<line number="49" hits="13" branch="false"/>
								<line number="50" hits="13" branch="false"/>
							</lines>
						</method>
						<method name="getStderr" signature="()Ljava/io/PrintStream;" line-rate="1.0" branch-rate="1.0">
							<lines>
								<line number="58" hits="3" branch="false"/>
							</lines>
						</method>
						<method name="getStdin" signature="()Ljava/io/InputStream;" line-rate="1.0" branch-rate="1.0">
							<lines>
								<line number="67" hits="1" branch="false"/>
							</lines>
						</method>
						<method name="getStdout" signature="()Ljava/io/PrintStream;" line-rate="1.0" branch-rate="1.0">
							<lines>
								<line number="76" hits="3" branch="false"/>
							</lines>
						</method>
						<method name="newDefault" signature="()Lde/weltraumschaf/jebnf/cli/IOStreams;" line-rate="1.0" branch-rate="1.0">
							<lines>
								<line number="85" hits="6" branch="false"/>
							</lines>
						</method>
						<method name="printStackTraceToStdErr" signature="(Ljava/lang/Exception;)V" line-rate="0.0" branch-rate="1.0">
							<lines>
								<line number="94" hits="0" branch="false"/>
								<line number="95" hits="0" branch="false"/>
							</lines>
						</method>
						<method name="println" signature="(Ljava/lang/String;)V" line-rate="1.0" branch-rate="1.0">
							<lines>
								<line number="112" hits="1" branch="false"/>
								<line number="113" hits="1" branch="false"/>
							</lines>
						</method>
						<method name="printlnErr" signature="(Ljava/lang/String;)V" line-rate="1.0" branch-rate="1.0">
							<lines>
								<line number="103" hits="1" branch="false"/>
								<line number="104" hits="1" branch="false"/>
							</lines>
						</method>
					</methods>
					<lines>
						<line number="46" hits="13" branch="false"/>
						<line number="47" hits="13" branch="false"/>
						<line number="48" hits="13" branch="false"/>
						<line number="49" hits="13" branch="false"/>
						<line number="50" hits="13" branch="false"/>
						<line number="58" hits="3" branch="false"/>
						<line number="67" hits="1" branch="false"/>
						<line number="76" hits="3" branch="false"/>
						<line number="85" hits="6" branch="false"/>
						<line number="94" hits="0" branch="false"/>
						<line number="95" hits="0" branch="false"/>
						<line number="103" hits="1" branch="false"/>
						<line number="104" hits="1" branch="false"/>
						<line number="112" hits="1" branch="false"/>
						<line number="113" hits="1" branch="false"/>
					</lines>
				</class>
				<class name="de.weltraumschaf.jebnf.cli.Invokeable" filename="de/weltraumschaf/jebnf/cli/Invokeable.java" line-rate="1.0" branch-rate="1.0" complexity="1.0">
					<methods>
					</methods>
					<lines>
					</lines>
				</class>
				<class name="de.weltraumschaf.jebnf.cli.Invoker" filename="de/weltraumschaf/jebnf/cli/Invoker.java" line-rate="0.2826086956521739" branch-rate="0.0" complexity="2.0">
					<methods>
						<method name="&lt;clinit&gt;" signature="()V" line-rate="1.0" branch-rate="1.0">
							<lines>
								<line number="32" hits="1" branch="false"/>
								<line number="37" hits="1" branch="false"/>
							</lines>
						</method>
						<method name="&lt;init&gt;" signature="([Ljava/lang/String;)V" line-rate="0.0" branch-rate="1.0">
							<lines>
								<line number="60" hits="0" branch="false"/>
								<line number="61" hits="0" branch="false"/>
							</lines>
						</method>
						<method name="&lt;init&gt;" signature="([Ljava/lang/String;Lde/weltraumschaf/jebnf/cli/IOStreams;)V" line-rate="0.0" branch-rate="1.0">
							<lines>
								<line number="70" hits="0" branch="false"/>
								<line number="71" hits="0" branch="false"/>
							</lines>
						</method>
						<method name="&lt;init&gt;" signature="([Ljava/lang/String;Lde/weltraumschaf/jebnf/cli/IOStreams;Lde/weltraumschaf/jebnf/cli/CliOptions;)V" line-rate="1.0" branch-rate="1.0">
							<lines>
								<line number="81" hits="2" branch="false"/>
								<line number="82" hits="2" branch="false"/>
								<line number="83" hits="2" branch="false"/>
								<line number="84" hits="2" branch="false"/>
								<line number="85" hits="2" branch="false"/>
							</lines>
						</method>
						<method name="exit" signature="(I)V" line-rate="0.0" branch-rate="1.0">
							<lines>
								<line number="111" hits="0" branch="false"/>
								<line number="112" hits="0" branch="false"/>
							</lines>
						</method>
						<method name="exit" signature="(Lde/weltraumschaf/jebnf/ExitCode;)V" line-rate="0.0" branch-rate="1.0">
							<lines>
								<line number="102" hits="0" branch="false"/>
								<line number="103" hits="0" branch="false"/>
							</lines>
						</method>
						<method name="getOptions" signature="()Lde/weltraumschaf/jebnf/cli/CliOptions;" line-rate="1.0" branch-rate="1.0">
							<lines>
								<line number="180" hits="1" branch="false"/>
							</lines>
						</method>
						<method name="main" signature="([Ljava/lang/String;)V" line-rate="0.0" branch-rate="1.0">
							<lines>
								<line number="93" hits="0" branch="false"/>
								<line number="94" hits="0" branch="false"/>
							</lines>
						</method>
						<method name="parseOptions" signature="()V" line-rate="1.0" branch-rate="1.0">
							<lines>
								<line number="121" hits="2" branch="false"/>
								<line number="122" hits="1" branch="false"/>
								<line number="123" hits="1" branch="false"/>
								<line number="124" hits="1" branch="false"/>
								<line number="125" hits="1" branch="false"/>
							</lines>
						</method>
						<method name="run" signature="()V" line-rate="0.0" branch-rate="0.0">
							<lines>
								<line number="134" hits="0" branch="false"/>
								<line number="136" hits="0" branch="true" condition-coverage="0% (0/2)">
									<conditions>
										<condition number="0" type="jump" coverage="0%"/>
									</conditions>
								</line>
								<line number="137" hits="0" branch="false"/>
								<line number="138" hits="0" branch="false"/>
								<line number="141" hits="0" branch="true" condition-coverage="0% (0/2)">
									<conditions>
										<condition number="0" type="jump" coverage="0%"/>
									</conditions>
								</line>
								<line number="142" hits="0" branch="false"/>
								<line number="143" hits="0" branch="false"/>
								<line number="148" hits="0" branch="true" condition-coverage="0% (0/2)">
									<conditions>
										<condition number="0" type="jump" coverage="0%"/>
									</conditions>
								</line>
								<line number="149" hits="0" branch="false"/>
								<line number="151" hits="0" branch="false"/>
								<line number="154" hits="0" branch="false"/>
								<line number="155" hits="0" branch="false"/>
								<line number="156" hits="0" branch="false"/>
								<line number="158" hits="0" branch="true" condition-coverage="0% (0/2)">
									<conditions>
										<condition number="0" type="jump" coverage="0%"/>
									</conditions>
								</line>
								<line number="159" hits="0" branch="false"/>
								<line number="162" hits="0" branch="false"/>
								<line number="163" hits="0" branch="false"/>
								<line number="164" hits="0" branch="false"/>
								<line number="166" hits="0" branch="true" condition-coverage="0% (0/2)">
									<conditions>
										<condition number="0" type="jump" coverage="0%"/>
									</conditions>
								</line>
								<line number="167" hits="0" branch="false"/>
								<line number="170" hits="0" branch="false"/>
								<line number="171" hits="0" branch="false"/>
								<line number="172" hits="0" branch="false"/>
							</lines>
						</method>
					</methods>
					<lines>
						<line number="32" hits="1" branch="false"/>
						<line number="37" hits="1" branch="false"/>
						<line number="60" hits="0" branch="false"/>
						<line number="61" hits="0" branch="false"/>
						<line number="70" hits="0" branch="false"/>
						<line number="71" hits="0" branch="false"/>
						<line number="81" hits="2" branch="false"/>
						<line number="82" hits="2" branch="false"/>
						<line number="83" hits="2" branch="false"/>
						<line number="84" hits="2" branch="false"/>
						<line number="85" hits="2" branch="false"/>
						<line number="93" hits="0" branch="false"/>
						<line number="94" hits="0" branch="false"/>
						<line number="102" hits="0" branch="false"/>
						<line number="103" hits="0" branch="false"/>
						<line number="111" hits="0" branch="false"/>
						<line number="112" hits="0" branch="false"/>
						<line number="121" hits="2" branch="false"/>
						<line number="122" hits="1" branch="false"/>
						<line number="123" hits="1" branch="false"/>
						<line number="124" hits="1" branch="false"/>
						<line number="125" hits="1" branch="false"/>
						<line number="134" hits="0" branch="false"/>
						<line number="136" hits="0" branch="true" condition-coverage="0% (0/2)">
							<conditions>
								<condition number="0" type="jump" coverage="0%"/>
							</conditions>
						</line>
						<line number="137" hits="0" branch="false"/>
						<line number="138" hits="0" branch="false"/>
						<line number="141" hits="0" branch="true" condition-coverage="0% (0/2)">
							<conditions>
								<condition number="0" type="jump" coverage="0%"/>
							</conditions>
						</line>
						<line number="142" hits="0" branch="false"/>
						<line number="143" hits="0" branch="false"/>
						<line number="148" hits="0" branch="true" condition-coverage="0% (0/2)">
							<conditions>
								<condition number="0" type="jump" coverage="0%"/>
							</conditions>
						</line>
						<line number="149" hits="0" branch="false"/>
						<line number="151" hits="0" branch="false"/>
						<line number="154" hits="0" branch="false"/>
						<line number="155" hits="0" branch="false"/>
						<line number="156" hits="0" branch="false"/>
						<line number="158" hits="0" branch="true" condition-coverage="0% (0/2)">
							<conditions>
								<condition number="0" type="jump" coverage="0%"/>
							</conditions>
						</line>
						<line number="159" hits="0" branch="false"/>
						<line number="162" hits="0" branch="false"/>
						<line number="163" hits="0" branch="false"/>
						<line number="164" hits="0" branch="false"/>
						<line number="166" hits="0" branch="true" condition-coverage="0% (0/2)">
							<conditions>
								<condition number="0" type="jump" coverage="0%"/>
							</conditions>
						</line>
						<line number="167" hits="0" branch="false"/>
						<line number="170" hits="0" branch="false"/>
						<line number="171" hits="0" branch="false"/>
						<line number="172" hits="0" branch="false"/>
						<line number="180" hits="1" branch="false"/>
					</lines>
				</class>
				<class name="de.weltraumschaf.jebnf.cli.OptionsParser" filename="de/weltraumschaf/jebnf/cli/OptionsParser.java" line-rate="0.96" branch-rate="0.9" complexity="2.5">
					<methods>
						<method name="&lt;init&gt;" signature="(Lde/weltraumschaf/jebnf/cli/CliOptions;)V" line-rate="1.0" branch-rate="1.0">
							<lines>
								<line number="81" hits="12" branch="false"/>
								<line number="82" hits="12" branch="false"/>
								<line number="83" hits="12" branch="false"/>
							</lines>
						</method>
						<method name="optDebug" signature="(Lorg/apache/commons/cli/CommandLine;)V" line-rate="1.0" branch-rate="1.0">
							<lines>
								<line number="170" hits="12" branch="true" condition-coverage="100% (2/2)">
									<conditions>
										<condition number="0" type="jump" coverage="100%"/>
									</conditions>
								</line>
								<line number="171" hits="1" branch="false"/>
								<line number="173" hits="12" branch="false"/>
							</lines>
						</method>
						<method name="optFormat" signature="(Lorg/apache/commons/cli/CommandLine;)V" line-rate="0.9166666666666666" branch-rate="0.9">
							<lines>
								<line number="122" hits="12" branch="true" condition-coverage="100% (2/2)">
									<conditions>
										<condition number="0" type="jump" coverage="100%"/>
									</conditions>
								</line>
								<line number="123" hits="5" branch="false"/>
								<line number="125" hits="5" branch="true" condition-coverage="100% (2/2)">
									<conditions>
										<condition number="0" type="jump" coverage="100%"/>
									</conditions>
								</line>
								<line number="126" hits="2" branch="false"/>
								<line number="127" hits="3" branch="true" condition-coverage="100% (2/2)">
									<conditions>
										<condition number="0" type="jump" coverage="100%"/>
									</conditions>
								</line>
								<line number="128" hits="1" branch="false"/>
								<line number="129" hits="2" branch="true" condition-coverage="100% (2/2)">
									<conditions>
										<condition number="0" type="jump" coverage="100%"/>
									</conditions>
								</line>
								<line number="130" hits="1" branch="false"/>
								<line number="131" hits="1" branch="true" condition-coverage="50% (1/2)">
									<conditions>
										<condition number="0" type="jump" coverage="50%"/>
									</conditions>
								</line>
								<line number="132" hits="0" branch="false"/>
								<line number="134" hits="1" branch="false"/>
								<line number="137" hits="12" branch="false"/>
							</lines>
						</method>
						<method name="optHelp" signature="(Lorg/apache/commons/cli/CommandLine;)V" line-rate="1.0" branch-rate="1.0">
							<lines>
								<line number="181" hits="12" branch="true" condition-coverage="100% (2/2)">
									<conditions>
										<condition number="0" type="jump" coverage="100%"/>
									</conditions>
								</line>
								<line number="182" hits="1" branch="false"/>
								<line number="184" hits="12" branch="false"/>
							</lines>
						</method>
						<method name="optIde" signature="(Lorg/apache/commons/cli/CommandLine;)V" line-rate="1.0" branch-rate="0.75">
							<lines>
								<line number="203" hits="12" branch="true" condition-coverage="75% (3/4)">
									<conditions>
										<condition number="0" type="jump" coverage="100%"/>
										<condition number="1" type="jump" coverage="50%"/>
									</conditions>
								</line>
								<line number="204" hits="2" branch="false"/>
								<line number="206" hits="12" branch="false"/>
							</lines>
						</method>
						<method name="optOutputFile" signature="(Lorg/apache/commons/cli/CommandLine;)V" line-rate="1.0" branch-rate="1.0">
							<lines>
								<line number="145" hits="12" branch="true" condition-coverage="100% (2/2)">
									<conditions>
										<condition number="0" type="jump" coverage="100%"/>
									</conditions>
								</line>
								<line number="146" hits="1" branch="false"/>
								<line number="147" hits="11" branch="true" condition-coverage="100% (4/4)">
									<conditions>
										<condition number="0" type="jump" coverage="100%"/>
										<condition number="1" type="jump" coverage="100%"/>
									</conditions>
								</line>
								<line number="148" hits="1" branch="false"/>
								<line number="149" hits="1" branch="false"/>
								<line number="151" hits="12" branch="false"/>
							</lines>
						</method>
						<method name="optSyntax" signature="(Lorg/apache/commons/cli/CommandLine;)V" line-rate="1.0" branch-rate="1.0">
							<lines>
								<line number="111" hits="12" branch="true" condition-coverage="100% (2/2)">
									<conditions>
										<condition number="0" type="jump" coverage="100%"/>
									</conditions>
								</line>
								<line number="112" hits="2" branch="false"/>
								<line number="114" hits="12" branch="false"/>
							</lines>
						</method>
						<method name="optTextTree" signature="(Lorg/apache/commons/cli/CommandLine;)V" line-rate="1.0" branch-rate="1.0">
							<lines>
								<line number="159" hits="12" branch="true" condition-coverage="100% (2/2)">
									<conditions>
										<condition number="0" type="jump" coverage="100%"/>
									</conditions>
								</line>
								<line number="160" hits="1" branch="false"/>
								<line number="162" hits="12" branch="false"/>
							</lines>
						</method>
						<method name="optVersion" signature="(Lorg/apache/commons/cli/CommandLine;)V" line-rate="0.6666666666666666" branch-rate="0.5">
							<lines>
								<line number="192" hits="12" branch="true" condition-coverage="50% (1/2)">
									<conditions>
										<condition number="0" type="jump" coverage="50%"/>
									</conditions>
								</line>
								<line number="193" hits="0" branch="false"/>
								<line number="195" hits="12" branch="false"/>
							</lines>
						</method>
						<method name="parse" signature="([Ljava/lang/String;)V" line-rate="1.0" branch-rate="1.0">
							<lines>
								<line number="92" hits="12" branch="false"/>
								<line number="93" hits="12" branch="false"/>
								<line number="95" hits="12" branch="false"/>
								<line number="96" hits="12" branch="false"/>
								<line number="97" hits="12" branch="false"/>
								<line number="98" hits="12" branch="false"/>
								<line number="99" hits="12" branch="false"/>
								<line number="100" hits="12" branch="false"/>
								<line number="101" hits="12" branch="false"/>
								<line number="102" hits="12" branch="false"/>
								<line number="103" hits="12" branch="false"/>
							</lines>
						</method>
					</methods>
					<lines>
						<line number="81" hits="12" branch="false"/>
						<line number="82" hits="12" branch="false"/>
						<line number="83" hits="12" branch="false"/>
						<line number="92" hits="12" branch="false"/>
						<line number="93" hits="12" branch="false"/>
						<line number="95" hits="12" branch="false"/>
						<line number="96" hits="12" branch="false"/>
						<line number="97" hits="12" branch="false"/>
						<line number="98" hits="12" branch="false"/>
						<line number="99" hits="12" branch="false"/>
						<line number="100" hits="12" branch="false"/>
						<line number="101" hits="12" branch="false"/>
						<line number="102" hits="12" branch="false"/>
						<line number="103" hits="12" branch="false"/>
						<line number="111" hits="12" branch="true" condition-coverage="100% (2/2)">
							<conditions>
								<condition number="0" type="jump" coverage="100%"/>
							</conditions>
						</line>
						<line number="112" hits="2" branch="false"/>
						<line number="114" hits="12" branch="false"/>
						<line number="122" hits="12" branch="true" condition-coverage="100% (2/2)">
							<conditions>
								<condition number="0" type="jump" coverage="100%"/>
							</conditions>
						</line>
						<line number="123" hits="5" branch="false"/>
						<line number="125" hits="5" branch="true" condition-coverage="100% (2/2)">
							<conditions>
								<condition number="0" type="jump" coverage="100%"/>
							</conditions>
						</line>
						<line number="126" hits="2" branch="false"/>
						<line number="127" hits="3" branch="true" condition-coverage="100% (2/2)">
							<conditions>
								<condition number="0" type="jump" coverage="100%"/>
							</conditions>
						</line>
						<line number="128" hits="1" branch="false"/>
						<line number="129" hits="2" branch="true" condition-coverage="100% (2/2)">
							<conditions>
								<condition number="0" type="jump" coverage="100%"/>
							</conditions>
						</line>
						<line number="130" hits="1" branch="false"/>
						<line number="131" hits="1" branch="true" condition-coverage="50% (1/2)">
							<conditions>
								<condition number="0" type="jump" coverage="50%"/>
							</conditions>
						</line>
						<line number="132" hits="0" branch="false"/>
						<line number="134" hits="1" branch="false"/>
						<line number="137" hits="12" branch="false"/>
						<line number="145" hits="12" branch="true" condition-coverage="100% (2/2)">
							<conditions>
								<condition number="0" type="jump" coverage="100%"/>
							</conditions>
						</line>
						<line number="146" hits="1" branch="false"/>
						<line number="147" hits="11" branch="true" condition-coverage="100% (4/4)">
							<conditions>
								<condition number="0" type="jump" coverage="100%"/>
								<condition number="1" type="jump" coverage="100%"/>
							</conditions>
						</line>
						<line number="148" hits="1" branch="false"/>
						<line number="149" hits="1" branch="false"/>
						<line number="151" hits="12" branch="false"/>
						<line number="159" hits="12" branch="true" condition-coverage="100% (2/2)">
							<conditions>
								<condition number="0" type="jump" coverage="100%"/>
							</conditions>
						</line>
						<line number="160" hits="1" branch="false"/>
						<line number="162" hits="12" branch="false"/>
						<line number="170" hits="12" branch="true" condition-coverage="100% (2/2)">
							<conditions>
								<condition number="0" type="jump" coverage="100%"/>
							</conditions>
						</line>
						<line number="171" hits="1" branch="false"/>
						<line number="173" hits="12" branch="false"/>
						<line number="181" hits="12" branch="true" condition-coverage="100% (2/2)">
							<conditions>
								<condition number="0" type="jump" coverage="100%"/>
							</conditions>
						</line>
						<line number="182" hits="1" branch="false"/>
						<line number="184" hits="12" branch="false"/>
						<line number="192" hits="12" branch="true" condition-coverage="50% (1/2)">
							<conditions>
								<condition number="0" type="jump" coverage="50%"/>
							</conditions>
						</line>
						<line number="193" hits="0" branch="false"/>
						<line number="195" hits="12" branch="false"/>
						<line number="203" hits="12" branch="true" condition-coverage="75% (3/4)">
							<conditions>
								<condition number="0" type="jump" coverage="100%"/>
								<condition number="1" type="jump" coverage="50%"/>
							</conditions>
						</line>
						<line number="204" hits="2" branch="false"/>
						<line number="206" hits="12" branch="false"/>
					</lines>
				</class>
				<class name="de.weltraumschaf.jebnf.cli.OutputFormat" filename="de/weltraumschaf/jebnf/cli/OutputFormat.java" line-rate="1.0" branch-rate="1.0" complexity="0.0">
					<methods>
						<method name="&lt;clinit&gt;" signature="()V" line-rate="1.0" branch-rate="1.0">
							<lines>
								<line number="19" hits="5" branch="false"/>
								<line number="24" hits="1" branch="false"/>
								<line number="29" hits="1" branch="false"/>
								<line number="34" hits="1" branch="false"/>
								<line number="39" hits="1" branch="false"/>
							</lines>
						</method>
						<method name="&lt;init&gt;" signature="(Ljava/lang/String;I)V" line-rate="1.0" branch-rate="1.0">
							<lines>
							</lines>
						</method>
						<method name="valueOf" signature="(Ljava/lang/String;)Lde/weltraumschaf/jebnf/cli/OutputFormat;" line-rate="1.0" branch-rate="1.0">
							<lines>
							</lines>
						</method>
						<method name="values" signature="()[Lde/weltraumschaf/jebnf/cli/OutputFormat;" line-rate="1.0" branch-rate="1.0">
							<lines>
							</lines>
						</method>
					</methods>
					<lines>
						<line number="19" hits="5" branch="false"/>
						<line number="24" hits="1" branch="false"/>
						<line number="29" hits="1" branch="false"/>
						<line number="34" hits="1" branch="false"/>
						<line number="39" hits="1" branch="false"/>
					</lines>
				</class>
			</classes>
		</package>
	</packages>
</coverage>
