<?xml version="1.0"?>
<!DOCTYPE coverage SYSTEM "http://cobertura.sourceforge.net/xml/coverage-04.dtd">

<coverage line-rate="0.8644271145770845" branch-rate="0.857421875" lines-covered="1441" lines-valid="1667" branches-covered="439" branches-valid="512" complexity="1.6765873015873016" version="1.9.4.1" timestamp="1346321457470">
	<sources>
		<source>/Users/sxs/src/java/jebnf/jebnf-core/src/main/java</source>
		<source>--source</source>
	</sources>
	<packages>
		<package name="de.weltraumschaf.jebnf" line-rate="0.5238095238095238" branch-rate="0.0" complexity="1.0625">
			<classes>
				<class name="de.weltraumschaf.jebnf.EbnfException" filename="de/weltraumschaf/jebnf/EbnfException.java" line-rate="1.0" branch-rate="1.0" complexity="1.0">
					<methods>
						<method name="&lt;init&gt;" signature="(Ljava/lang/String;)V" line-rate="1.0" branch-rate="1.0">
							<lines>
								<line number="41" hits="1" branch="false"/>
								<line number="42" hits="1" branch="false"/>
							</lines>
						</method>
						<method name="&lt;init&gt;" signature="(Ljava/lang/String;I)V" line-rate="1.0" branch-rate="1.0">
							<lines>
								<line number="61" hits="3" branch="false"/>
								<line number="62" hits="3" branch="false"/>
							</lines>
						</method>
						<method name="&lt;init&gt;" signature="(Ljava/lang/String;ILjava/lang/Throwable;)V" line-rate="1.0" branch-rate="1.0">
							<lines>
								<line number="83" hits="5" branch="false"/>
								<line number="84" hits="5" branch="false"/>
								<line number="85" hits="5" branch="false"/>
							</lines>
						</method>
						<method name="&lt;init&gt;" signature="(Ljava/lang/String;Lde/weltraumschaf/jebnf/ExitCode;)V" line-rate="1.0" branch-rate="1.0">
							<lines>
								<line number="51" hits="2" branch="false"/>
								<line number="52" hits="2" branch="false"/>
							</lines>
						</method>
						<method name="&lt;init&gt;" signature="(Ljava/lang/String;Lde/weltraumschaf/jebnf/ExitCode;Ljava/lang/Throwable;)V" line-rate="1.0" branch-rate="1.0">
							<lines>
								<line number="72" hits="1" branch="false"/>
								<line number="73" hits="1" branch="false"/>
							</lines>
						</method>
						<method name="getCode" signature="()I" line-rate="1.0" branch-rate="1.0">
							<lines>
								<line number="93" hits="5" branch="false"/>
							</lines>
						</method>
					</methods>
					<lines>
						<line number="41" hits="1" branch="false"/>
						<line number="42" hits="1" branch="false"/>
						<line number="51" hits="2" branch="false"/>
						<line number="52" hits="2" branch="false"/>
						<line number="61" hits="3" branch="false"/>
						<line number="62" hits="3" branch="false"/>
						<line number="72" hits="1" branch="false"/>
						<line number="73" hits="1" branch="false"/>
						<line number="83" hits="5" branch="false"/>
						<line number="84" hits="5" branch="false"/>
						<line number="85" hits="5" branch="false"/>
						<line number="93" hits="5" branch="false"/>
					</lines>
				</class>
				<class name="de.weltraumschaf.jebnf.ExitCode" filename="de/weltraumschaf/jebnf/ExitCode.java" line-rate="1.0" branch-rate="1.0" complexity="1.0">
					<methods>
						<method name="&lt;clinit&gt;" signature="()V" line-rate="1.0" branch-rate="1.0">
							<lines>
								<line number="19" hits="1" branch="false"/>
								<line number="24" hits="1" branch="false"/>
								<line number="28" hits="1" branch="false"/>
								<line number="32" hits="1" branch="false"/>
								<line number="36" hits="1" branch="false"/>
								<line number="40" hits="1" branch="false"/>
							</lines>
						</method>
						<method name="&lt;init&gt;" signature="(Ljava/lang/String;II)V" line-rate="1.0" branch-rate="1.0">
							<lines>
								<line number="52" hits="5" branch="false"/>
								<line number="53" hits="5" branch="false"/>
								<line number="54" hits="5" branch="false"/>
							</lines>
						</method>
						<method name="getCode" signature="()I" line-rate="1.0" branch-rate="1.0">
							<lines>
								<line number="64" hits="6" branch="false"/>
							</lines>
						</method>
						<method name="valueOf" signature="(Ljava/lang/String;)Lde/weltraumschaf/jebnf/ExitCode;" line-rate="1.0" branch-rate="1.0">
							<lines>
							</lines>
						</method>
						<method name="values" signature="()[Lde/weltraumschaf/jebnf/ExitCode;" line-rate="1.0" branch-rate="1.0">
							<lines>
							</lines>
						</method>
					</methods>
					<lines>
						<line number="19" hits="1" branch="false"/>
						<line number="24" hits="1" branch="false"/>
						<line number="28" hits="1" branch="false"/>
						<line number="32" hits="1" branch="false"/>
						<line number="36" hits="1" branch="false"/>
						<line number="40" hits="1" branch="false"/>
						<line number="52" hits="5" branch="false"/>
						<line number="53" hits="5" branch="false"/>
						<line number="54" hits="5" branch="false"/>
						<line number="64" hits="6" branch="false"/>
					</lines>
				</class>
				<class name="de.weltraumschaf.jebnf.Version" filename="de/weltraumschaf/jebnf/Version.java" line-rate="0.0" branch-rate="0.0" complexity="1.125">
					<methods>
						<method name="&lt;clinit&gt;" signature="()V" line-rate="0.0" branch-rate="1.0">
							<lines>
								<line number="71" hits="0" branch="false"/>
							</lines>
						</method>
						<method name="&lt;init&gt;" signature="()V" line-rate="0.0" branch-rate="1.0">
							<lines>
								<line number="81" hits="0" branch="false"/>
								<line number="87" hits="0" branch="false"/>
								<line number="88" hits="0" branch="false"/>
							</lines>
						</method>
						<method name="arePropertiesLoaded" signature="()Z" line-rate="0.0" branch-rate="1.0">
							<lines>
								<line number="110" hits="0" branch="false"/>
							</lines>
						</method>
						<method name="getInstance" signature="()Lde/weltraumschaf/jebnf/Version;" line-rate="0.0" branch-rate="0.0">
							<lines>
								<line number="97" hits="0" branch="true" condition-coverage="0% (0/2)">
									<conditions>
										<condition number="0" type="jump" coverage="0%"/>
									</conditions>
								</line>
								<line number="98" hits="0" branch="false"/>
								<line number="101" hits="0" branch="false"/>
							</lines>
						</method>
						<method name="getVersion" signature="()Ljava/lang/String;" line-rate="0.0" branch-rate="1.0">
							<lines>
								<line number="130" hits="0" branch="false"/>
							</lines>
						</method>
						<method name="loadProperties" signature="()V" line-rate="0.0" branch-rate="1.0">
							<lines>
								<line number="119" hits="0" branch="false"/>
								<line number="120" hits="0" branch="false"/>
								<line number="121" hits="0" branch="false"/>
								<line number="122" hits="0" branch="false"/>
							</lines>
						</method>
						<method name="toString" signature="()Ljava/lang/String;" line-rate="0.0" branch-rate="1.0">
							<lines>
								<line number="140" hits="0" branch="false"/>
							</lines>
						</method>
					</methods>
					<lines>
						<line number="71" hits="0" branch="false"/>
						<line number="81" hits="0" branch="false"/>
						<line number="87" hits="0" branch="false"/>
						<line number="88" hits="0" branch="false"/>
						<line number="97" hits="0" branch="true" condition-coverage="0% (0/2)">
							<conditions>
								<condition number="0" type="jump" coverage="0%"/>
							</conditions>
						</line>
						<line number="98" hits="0" branch="false"/>
						<line number="101" hits="0" branch="false"/>
						<line number="110" hits="0" branch="false"/>
						<line number="119" hits="0" branch="false"/>
						<line number="120" hits="0" branch="false"/>
						<line number="121" hits="0" branch="false"/>
						<line number="122" hits="0" branch="false"/>
						<line number="130" hits="0" branch="false"/>
						<line number="140" hits="0" branch="false"/>
					</lines>
				</class>
				<class name="de.weltraumschaf.jebnf.Version$PropertyNames" filename="de/weltraumschaf/jebnf/Version.java" line-rate="0.0" branch-rate="1.0" complexity="1.125">
					<methods>
						<method name="&lt;clinit&gt;" signature="()V" line-rate="0.0" branch-rate="1.0">
							<lines>
								<line number="30" hits="0" branch="false"/>
								<line number="35" hits="0" branch="false"/>
							</lines>
						</method>
						<method name="&lt;init&gt;" signature="(Ljava/lang/String;ILjava/lang/String;)V" line-rate="0.0" branch-rate="1.0">
							<lines>
								<line number="47" hits="0" branch="false"/>
								<line number="48" hits="0" branch="false"/>
								<line number="49" hits="0" branch="false"/>
							</lines>
						</method>
						<method name="toString" signature="()Ljava/lang/String;" line-rate="0.0" branch-rate="1.0">
							<lines>
								<line number="58" hits="0" branch="false"/>
							</lines>
						</method>
						<method name="valueOf" signature="(Ljava/lang/String;)Lde/weltraumschaf/jebnf/Version$PropertyNames;" line-rate="1.0" branch-rate="1.0">
							<lines>
							</lines>
						</method>
						<method name="values" signature="()[Lde/weltraumschaf/jebnf/Version$PropertyNames;" line-rate="1.0" branch-rate="1.0">
							<lines>
							</lines>
						</method>
					</methods>
					<lines>
						<line number="30" hits="0" branch="false"/>
						<line number="35" hits="0" branch="false"/>
						<line number="47" hits="0" branch="false"/>
						<line number="48" hits="0" branch="false"/>
						<line number="49" hits="0" branch="false"/>
						<line number="58" hits="0" branch="false"/>
					</lines>
				</class>
			</classes>
		</package>
		<package name="de.weltraumschaf.jebnf.ast" line-rate="0.9696969696969697" branch-rate="0.9722222222222222" complexity="1.6451612903225807">
			<classes>
				<class name="de.weltraumschaf.jebnf.ast.AbstractComposite" filename="de/weltraumschaf/jebnf/ast/AbstractComposite.java" line-rate="0.9142857142857143" branch-rate="0.9166666666666666" complexity="2.0">
					<methods>
						<method name="&lt;init&gt;" signature="(Lde/weltraumschaf/jebnf/ast/Node;Lde/weltraumschaf/jebnf/ast/NodeType;)V" line-rate="1.0" branch-rate="1.0">
							<lines>
								<line number="29" hits="382" branch="false"/>
								<line number="38" hits="382" branch="false"/>
								<line number="39" hits="382" branch="false"/>
							</lines>
						</method>
						<method name="accept" signature="(Lde/weltraumschaf/jebnf/ast/Visitor;)V" line-rate="1.0" branch-rate="1.0">
							<lines>
								<line number="63" hits="55" branch="false"/>
								<line number="64" hits="55" branch="false"/>
								<line number="66" hits="55" branch="true" condition-coverage="100% (2/2)">
									<conditions>
										<condition number="0" type="jump" coverage="100%"/>
									</conditions>
								</line>
								<line number="67" hits="46" branch="true" condition-coverage="100% (2/2)">
									<conditions>
										<condition number="0" type="jump" coverage="100%"/>
									</conditions>
								</line>
								<line number="68" hits="95" branch="false"/>
								<line number="72" hits="55" branch="false"/>
								<line number="73" hits="55" branch="false"/>
							</lines>
						</method>
						<method name="addChild" signature="(Lde/weltraumschaf/jebnf/ast/Node;)V" line-rate="1.0" branch-rate="1.0">
							<lines>
								<line number="58" hits="647" branch="false"/>
								<line number="59" hits="647" branch="false"/>
							</lines>
						</method>
						<method name="countChildren" signature="()I" line-rate="1.0" branch-rate="1.0">
							<lines>
								<line number="48" hits="487" branch="false"/>
							</lines>
						</method>
						<method name="depth" signature="()I" line-rate="1.0" branch-rate="1.0">
							<lines>
								<line number="121" hits="58" branch="false"/>
							</lines>
						</method>
						<method name="getChildren" signature="()Ljava/util/List;" line-rate="1.0" branch-rate="1.0">
							<lines>
								<line number="43" hits="354" branch="false"/>
							</lines>
						</method>
						<method name="hasChildren" signature="()Z" line-rate="1.0" branch-rate="1.0">
							<lines>
								<line number="53" hits="224" branch="true" condition-coverage="100% (2/2)">
									<conditions>
										<condition number="0" type="jump" coverage="100%"/>
									</conditions>
								</line>
							</lines>
						</method>
						<method name="probeEquivalence" signature="(Lde/weltraumschaf/jebnf/ast/Node;Lde/weltraumschaf/jebnf/ast/Notification;)V" line-rate="0.8421052631578947" branch-rate="0.8333333333333334">
							<lines>
								<line number="78" hits="130" branch="false"/>
								<line number="80" hits="129" branch="true" condition-coverage="100% (2/2)">
									<conditions>
										<condition number="0" type="jump" coverage="100%"/>
									</conditions>
								</line>
								<line number="81" hits="1" branch="false"/>
								<line number="86" hits="1" branch="false"/>
								<line number="89" hits="128" branch="true" condition-coverage="50% (1/2)">
									<conditions>
										<condition number="0" type="jump" coverage="50%"/>
									</conditions>
								</line>
								<line number="90" hits="0" branch="false"/>
								<line number="98" hits="128" branch="false"/>
								<line number="99" hits="128" branch="false"/>
								<line number="101" hits="128" branch="false"/>
								<line number="102" hits="128" branch="true" condition-coverage="100% (2/2)">
									<conditions>
										<condition number="0" type="jump" coverage="100%"/>
									</conditions>
								</line>
								<line number="104" hits="324" branch="false"/>
								<line number="105" hits="0" branch="false"/>
								<line number="106" hits="0" branch="false"/>
								<line number="107" hits="324" branch="false"/>
								<line number="109" hits="324" branch="false"/>
								<line number="111" hits="1" branch="false"/>
								<line number="112" hits="1" branch="false"/>
								<line number="116" hits="128" branch="false"/>
								<line number="117" hits="129" branch="false"/>
							</lines>
						</method>
					</methods>
					<lines>
						<line number="29" hits="382" branch="false"/>
						<line number="38" hits="382" branch="false"/>
						<line number="39" hits="382" branch="false"/>
						<line number="43" hits="354" branch="false"/>
						<line number="48" hits="487" branch="false"/>
						<line number="53" hits="224" branch="true" condition-coverage="100% (2/2)">
							<conditions>
								<condition number="0" type="jump" coverage="100%"/>
							</conditions>
						</line>
						<line number="58" hits="647" branch="false"/>
						<line number="59" hits="647" branch="false"/>
						<line number="63" hits="55" branch="false"/>
						<line number="64" hits="55" branch="false"/>
						<line number="66" hits="55" branch="true" condition-coverage="100% (2/2)">
							<conditions>
								<condition number="0" type="jump" coverage="100%"/>
							</conditions>
						</line>
						<line number="67" hits="46" branch="true" condition-coverage="100% (2/2)">
							<conditions>
								<condition number="0" type="jump" coverage="100%"/>
							</conditions>
						</line>
						<line number="68" hits="95" branch="false"/>
						<line number="72" hits="55" branch="false"/>
						<line number="73" hits="55" branch="false"/>
						<line number="78" hits="130" branch="false"/>
						<line number="80" hits="129" branch="true" condition-coverage="100% (2/2)">
							<conditions>
								<condition number="0" type="jump" coverage="100%"/>
							</conditions>
						</line>
						<line number="81" hits="1" branch="false"/>
						<line number="86" hits="1" branch="false"/>
						<line number="89" hits="128" branch="true" condition-coverage="50% (1/2)">
							<conditions>
								<condition number="0" type="jump" coverage="50%"/>
							</conditions>
						</line>
						<line number="90" hits="0" branch="false"/>
						<line number="98" hits="128" branch="false"/>
						<line number="99" hits="128" branch="false"/>
						<line number="101" hits="128" branch="false"/>
						<line number="102" hits="128" branch="true" condition-coverage="100% (2/2)">
							<conditions>
								<condition number="0" type="jump" coverage="100%"/>
							</conditions>
						</line>
						<line number="104" hits="324" branch="false"/>
						<line number="105" hits="0" branch="false"/>
						<line number="106" hits="0" branch="false"/>
						<line number="107" hits="324" branch="false"/>
						<line number="109" hits="324" branch="false"/>
						<line number="111" hits="1" branch="false"/>
						<line number="112" hits="1" branch="false"/>
						<line number="116" hits="128" branch="false"/>
						<line number="117" hits="129" branch="false"/>
						<line number="121" hits="58" branch="false"/>
					</lines>
				</class>
				<class name="de.weltraumschaf.jebnf.ast.AbstractNode" filename="de/weltraumschaf/jebnf/ast/AbstractNode.java" line-rate="1.0" branch-rate="1.0" complexity="1.3846153846153846">
					<methods>
						<method name="&lt;init&gt;" signature="(Lde/weltraumschaf/jebnf/ast/Node;Lde/weltraumschaf/jebnf/ast/NodeType;)V" line-rate="1.0" branch-rate="1.0">
							<lines>
								<line number="39" hits="814" branch="false"/>
								<line number="50" hits="814" branch="false"/>
								<line number="51" hits="814" branch="false"/>
								<line number="52" hits="814" branch="false"/>
								<line number="53" hits="814" branch="false"/>
							</lines>
						</method>
						<method name="accept" signature="(Lde/weltraumschaf/jebnf/ast/Visitor;)V" line-rate="1.0" branch-rate="1.0">
							<lines>
								<line number="77" hits="59" branch="false"/>
								<line number="78" hits="59" branch="false"/>
								<line number="79" hits="59" branch="false"/>
								<line number="80" hits="59" branch="false"/>
							</lines>
						</method>
						<method name="getAttribute" signature="(Ljava/lang/String;)Ljava/lang/String;" line-rate="1.0" branch-rate="1.0">
							<lines>
								<line number="99" hits="857" branch="true" condition-coverage="100% (2/2)">
									<conditions>
										<condition number="0" type="jump" coverage="100%"/>
									</conditions>
								</line>
								<line number="100" hits="1" branch="false"/>
								<line number="103" hits="856" branch="false"/>
							</lines>
						</method>
						<method name="getAttributes" signature="()Ljava/util/Map;" line-rate="1.0" branch-rate="1.0">
							<lines>
								<line number="89" hits="75" branch="false"/>
							</lines>
						</method>
						<method name="getNodeName" signature="()Ljava/lang/String;" line-rate="1.0" branch-rate="1.0">
							<lines>
								<line number="72" hits="215" branch="false"/>
							</lines>
						</method>
						<method name="getParent" signature="()Lde/weltraumschaf/jebnf/ast/Node;" line-rate="1.0" branch-rate="1.0">
							<lines>
								<line number="62" hits="5" branch="false"/>
							</lines>
						</method>
						<method name="getType" signature="()Lde/weltraumschaf/jebnf/ast/NodeType;" line-rate="1.0" branch-rate="1.0">
							<lines>
								<line number="67" hits="227" branch="false"/>
							</lines>
						</method>
						<method name="hasAttribute" signature="(Ljava/lang/String;)Z" line-rate="1.0" branch-rate="1.0">
							<lines>
								<line number="94" hits="859" branch="false"/>
							</lines>
						</method>
						<method name="hasAttributes" signature="()Z" line-rate="1.0" branch-rate="1.0">
							<lines>
								<line number="84" hits="19" branch="true" condition-coverage="100% (2/2)">
									<conditions>
										<condition number="0" type="jump" coverage="100%"/>
									</conditions>
								</line>
							</lines>
						</method>
						<method name="hasParent" signature="()Z" line-rate="1.0" branch-rate="1.0">
							<lines>
								<line number="57" hits="3" branch="true" condition-coverage="100% (4/4)">
									<conditions>
										<condition number="0" type="jump" coverage="100%"/>
										<condition number="1" type="jump" coverage="100%"/>
									</conditions>
								</line>
							</lines>
						</method>
						<method name="isType" signature="(Lde/weltraumschaf/jebnf/ast/NodeType;)Z" line-rate="1.0" branch-rate="1.0">
							<lines>
								<line number="129" hits="350" branch="true" condition-coverage="100% (2/2)">
									<conditions>
										<condition number="0" type="jump" coverage="100%"/>
									</conditions>
								</line>
							</lines>
						</method>
						<method name="setAttribute" signature="(Ljava/lang/String;Ljava/lang/String;)V" line-rate="1.0" branch-rate="1.0">
							<lines>
								<line number="108" hits="575" branch="false"/>
								<line number="109" hits="575" branch="false"/>
							</lines>
						</method>
						<method name="toString" signature="()Ljava/lang/String;" line-rate="1.0" branch-rate="1.0">
							<lines>
								<line number="113" hits="17" branch="false"/>
								<line number="115" hits="17" branch="true" condition-coverage="100% (2/2)">
									<conditions>
										<condition number="0" type="jump" coverage="100%"/>
									</conditions>
								</line>
								<line number="116" hits="9" branch="false"/>
								<line number="118" hits="20" branch="true" condition-coverage="100% (2/2)">
									<conditions>
										<condition number="0" type="jump" coverage="100%"/>
									</conditions>
								</line>
								<line number="119" hits="11" branch="false"/>
								<line number="120" hits="11" branch="false"/>
								<line number="121" hits="11" branch="false"/>
								<line number="124" hits="17" branch="false"/>
							</lines>
						</method>
					</methods>
					<lines>
						<line number="39" hits="814" branch="false"/>
						<line number="50" hits="814" branch="false"/>
						<line number="51" hits="814" branch="false"/>
						<line number="52" hits="814" branch="false"/>
						<line number="53" hits="814" branch="false"/>
						<line number="57" hits="3" branch="true" condition-coverage="100% (4/4)">
							<conditions>
								<condition number="0" type="jump" coverage="100%"/>
								<condition number="1" type="jump" coverage="100%"/>
							</conditions>
						</line>
						<line number="62" hits="5" branch="false"/>
						<line number="67" hits="227" branch="false"/>
						<line number="72" hits="215" branch="false"/>
						<line number="77" hits="59" branch="false"/>
						<line number="78" hits="59" branch="false"/>
						<line number="79" hits="59" branch="false"/>
						<line number="80" hits="59" branch="false"/>
						<line number="84" hits="19" branch="true" condition-coverage="100% (2/2)">
							<conditions>
								<condition number="0" type="jump" coverage="100%"/>
							</conditions>
						</line>
						<line number="89" hits="75" branch="false"/>
						<line number="94" hits="859" branch="false"/>
						<line number="99" hits="857" branch="true" condition-coverage="100% (2/2)">
							<conditions>
								<condition number="0" type="jump" coverage="100%"/>
							</conditions>
						</line>
						<line number="100" hits="1" branch="false"/>
						<line number="103" hits="856" branch="false"/>
						<line number="108" hits="575" branch="false"/>
						<line number="109" hits="575" branch="false"/>
						<line number="113" hits="17" branch="false"/>
						<line number="115" hits="17" branch="true" condition-coverage="100% (2/2)">
							<conditions>
								<condition number="0" type="jump" coverage="100%"/>
							</conditions>
						</line>
						<line number="116" hits="9" branch="false"/>
						<line number="118" hits="20" branch="true" condition-coverage="100% (2/2)">
							<conditions>
								<condition number="0" type="jump" coverage="100%"/>
							</conditions>
						</line>
						<line number="119" hits="11" branch="false"/>
						<line number="120" hits="11" branch="false"/>
						<line number="121" hits="11" branch="false"/>
						<line number="124" hits="17" branch="false"/>
						<line number="129" hits="350" branch="true" condition-coverage="100% (2/2)">
							<conditions>
								<condition number="0" type="jump" coverage="100%"/>
							</conditions>
						</line>
					</lines>
				</class>
				<class name="de.weltraumschaf.jebnf.ast.DepthCalculator" filename="de/weltraumschaf/jebnf/ast/DepthCalculator.java" line-rate="1.0" branch-rate="1.0" complexity="2.5">
					<methods>
						<method name="&lt;init&gt;" signature="(Lde/weltraumschaf/jebnf/ast/Composite;)V" line-rate="1.0" branch-rate="1.0">
							<lines>
								<line number="35" hits="82" branch="false"/>
								<line number="36" hits="82" branch="false"/>
								<line number="37" hits="82" branch="false"/>
							</lines>
						</method>
						<method name="depth" signature="()I" line-rate="1.0" branch-rate="1.0">
							<lines>
								<line number="47" hits="82" branch="true" condition-coverage="100% (2/2)">
									<conditions>
										<condition number="0" type="jump" coverage="100%"/>
									</conditions>
								</line>
								<line number="48" hits="58" branch="false"/>
								<line number="50" hits="58" branch="true" condition-coverage="100% (2/2)">
									<conditions>
										<condition number="0" type="jump" coverage="100%"/>
									</conditions>
								</line>
								<line number="51" hits="94" branch="false"/>
								<line number="54" hits="58" branch="false"/>
								<line number="57" hits="24" branch="false"/>
							</lines>
						</method>
					</methods>
					<lines>
						<line number="35" hits="82" branch="false"/>
						<line number="36" hits="82" branch="false"/>
						<line number="37" hits="82" branch="false"/>
						<line number="47" hits="82" branch="true" condition-coverage="100% (2/2)">
							<conditions>
								<condition number="0" type="jump" coverage="100%"/>
							</conditions>
						</line>
						<line number="48" hits="58" branch="false"/>
						<line number="50" hits="58" branch="true" condition-coverage="100% (2/2)">
							<conditions>
								<condition number="0" type="jump" coverage="100%"/>
							</conditions>
						</line>
						<line number="51" hits="94" branch="false"/>
						<line number="54" hits="58" branch="false"/>
						<line number="57" hits="24" branch="false"/>
					</lines>
				</class>
				<class name="de.weltraumschaf.jebnf.ast.NodeType" filename="de/weltraumschaf/jebnf/ast/NodeType.java" line-rate="1.0" branch-rate="1.0" complexity="1.0">
					<methods>
						<method name="&lt;clinit&gt;" signature="()V" line-rate="1.0" branch-rate="1.0">
							<lines>
								<line number="19" hits="12" branch="false"/>
								<line number="26" hits="1" branch="false"/>
								<line number="31" hits="1" branch="false"/>
								<line number="36" hits="1" branch="false"/>
								<line number="43" hits="1" branch="false"/>
								<line number="50" hits="1" branch="false"/>
								<line number="55" hits="1" branch="false"/>
								<line number="60" hits="1" branch="false"/>
								<line number="67" hits="1" branch="false"/>
								<line number="72" hits="1" branch="false"/>
								<line number="79" hits="1" branch="false"/>
							</lines>
						</method>
						<method name="&lt;init&gt;" signature="(Ljava/lang/String;I)V" line-rate="1.0" branch-rate="1.0">
							<lines>
							</lines>
						</method>
						<method name="toString" signature="()Ljava/lang/String;" line-rate="1.0" branch-rate="1.0">
							<lines>
								<line number="83" hits="234" branch="false"/>
							</lines>
						</method>
						<method name="valueOf" signature="(Ljava/lang/String;)Lde/weltraumschaf/jebnf/ast/NodeType;" line-rate="1.0" branch-rate="1.0">
							<lines>
							</lines>
						</method>
						<method name="values" signature="()[Lde/weltraumschaf/jebnf/ast/NodeType;" line-rate="1.0" branch-rate="1.0">
							<lines>
							</lines>
						</method>
					</methods>
					<lines>
						<line number="19" hits="12" branch="false"/>
						<line number="26" hits="1" branch="false"/>
						<line number="31" hits="1" branch="false"/>
						<line number="36" hits="1" branch="false"/>
						<line number="43" hits="1" branch="false"/>
						<line number="50" hits="1" branch="false"/>
						<line number="55" hits="1" branch="false"/>
						<line number="60" hits="1" branch="false"/>
						<line number="67" hits="1" branch="false"/>
						<line number="72" hits="1" branch="false"/>
						<line number="79" hits="1" branch="false"/>
						<line number="83" hits="234" branch="false"/>
					</lines>
				</class>
				<class name="de.weltraumschaf.jebnf.ast.Notification" filename="de/weltraumschaf/jebnf/ast/Notification.java" line-rate="1.0" branch-rate="1.0" complexity="2.3333333333333335">
					<methods>
						<method name="&lt;init&gt;" signature="()V" line-rate="1.0" branch-rate="1.0">
							<lines>
								<line number="22" hits="47" branch="false"/>
								<line number="27" hits="47" branch="false"/>
							</lines>
						</method>
						<method name="error" signature="(Ljava/lang/String;[Ljava/lang/Object;)V" line-rate="1.0" branch-rate="1.0">
							<lines>
								<line number="41" hits="36" branch="false"/>
								<line number="42" hits="36" branch="false"/>
							</lines>
						</method>
						<method name="isOk" signature="()Z" line-rate="1.0" branch-rate="1.0">
							<lines>
								<line number="50" hits="104" branch="false"/>
							</lines>
						</method>
						<method name="report" signature="()Ljava/lang/String;" line-rate="1.0" branch-rate="1.0">
							<lines>
								<line number="60" hits="53" branch="true" condition-coverage="100% (2/2)">
									<conditions>
										<condition number="0" type="jump" coverage="100%"/>
									</conditions>
								</line>
								<line number="61" hits="31" branch="false"/>
								<line number="64" hits="22" branch="false"/>
								<line number="66" hits="57" branch="true" condition-coverage="100% (2/2)">
									<conditions>
										<condition number="0" type="jump" coverage="100%"/>
									</conditions>
								</line>
								<line number="67" hits="35" branch="true" condition-coverage="100% (2/2)">
									<conditions>
										<condition number="0" type="jump" coverage="100%"/>
									</conditions>
								</line>
								<line number="68" hits="13" branch="false"/>
								<line number="71" hits="35" branch="false"/>
								<line number="74" hits="22" branch="false"/>
							</lines>
						</method>
					</methods>
					<lines>
						<line number="22" hits="47" branch="false"/>
						<line number="27" hits="47" branch="false"/>
						<line number="41" hits="36" branch="false"/>
						<line number="42" hits="36" branch="false"/>
						<line number="50" hits="104" branch="false"/>
						<line number="60" hits="53" branch="true" condition-coverage="100% (2/2)">
							<conditions>
								<condition number="0" type="jump" coverage="100%"/>
							</conditions>
						</line>
						<line number="61" hits="31" branch="false"/>
						<line number="64" hits="22" branch="false"/>
						<line number="66" hits="57" branch="true" condition-coverage="100% (2/2)">
							<conditions>
								<condition number="0" type="jump" coverage="100%"/>
							</conditions>
						</line>
						<line number="67" hits="35" branch="true" condition-coverage="100% (2/2)">
							<conditions>
								<condition number="0" type="jump" coverage="100%"/>
							</conditions>
						</line>
						<line number="68" hits="13" branch="false"/>
						<line number="71" hits="35" branch="false"/>
						<line number="74" hits="22" branch="false"/>
					</lines>
				</class>
				<class name="de.weltraumschaf.jebnf.ast.Visitable" filename="de/weltraumschaf/jebnf/ast/Visitable.java" line-rate="1.0" branch-rate="1.0" complexity="1.0">
					<methods>
					</methods>
					<lines>
					</lines>
				</class>
				<class name="de.weltraumschaf.jebnf.ast.Visitor" filename="de/weltraumschaf/jebnf/ast/Visitor.java" line-rate="1.0" branch-rate="1.0" complexity="1.0">
					<methods>
					</methods>
					<lines>
					</lines>
				</class>
			</classes>
		</package>
		<package name="de.weltraumschaf.jebnf.ast.builder" line-rate="0.9722222222222222" branch-rate="1.0" complexity="1.0">
			<classes>
				<class name="de.weltraumschaf.jebnf.ast.builder.GenericBuilder" filename="de/weltraumschaf/jebnf/ast/builder/GenericBuilder.java" line-rate="1.0" branch-rate="1.0" complexity="1.0">
					<methods>
						<method name="&lt;init&gt;" signature="(Ljava/lang/Object;Lde/weltraumschaf/jebnf/ast/AbstractComposite;)V" line-rate="1.0" branch-rate="1.0">
							<lines>
								<line number="46" hits="118" branch="false"/>
								<line number="47" hits="118" branch="false"/>
								<line number="48" hits="118" branch="false"/>
								<line number="49" hits="118" branch="false"/>
							</lines>
						</method>
						<method name="choice" signature="()Lde/weltraumschaf/jebnf/ast/builder/GenericBuilder;" line-rate="1.0" branch-rate="1.0">
							<lines>
								<line number="99" hits="16" branch="false"/>
								<line number="100" hits="16" branch="false"/>
								<line number="101" hits="16" branch="false"/>
							</lines>
						</method>
						<method name="comment" signature="(Ljava/lang/String;)Lde/weltraumschaf/jebnf/ast/builder/GenericBuilder;" line-rate="1.0" branch-rate="1.0">
							<lines>
								<line number="89" hits="3" branch="false"/>
								<line number="90" hits="3" branch="false"/>
							</lines>
						</method>
						<method name="end" signature="()Ljava/lang/Object;" line-rate="1.0" branch-rate="1.0">
							<lines>
								<line number="57" hits="118" branch="false"/>
							</lines>
						</method>
						<method name="identifier" signature="(Ljava/lang/String;)Lde/weltraumschaf/jebnf/ast/builder/GenericBuilder;" line-rate="1.0" branch-rate="1.0">
							<lines>
								<line number="67" hits="70" branch="false"/>
								<line number="68" hits="70" branch="false"/>
							</lines>
						</method>
						<method name="loop" signature="()Lde/weltraumschaf/jebnf/ast/builder/GenericBuilder;" line-rate="1.0" branch-rate="1.0">
							<lines>
								<line number="110" hits="20" branch="false"/>
								<line number="111" hits="20" branch="false"/>
								<line number="112" hits="20" branch="false"/>
							</lines>
						</method>
						<method name="option" signature="()Lde/weltraumschaf/jebnf/ast/builder/GenericBuilder;" line-rate="1.0" branch-rate="1.0">
							<lines>
								<line number="121" hits="14" branch="false"/>
								<line number="122" hits="14" branch="false"/>
								<line number="123" hits="14" branch="false"/>
							</lines>
						</method>
						<method name="sequence" signature="()Lde/weltraumschaf/jebnf/ast/builder/GenericBuilder;" line-rate="1.0" branch-rate="1.0">
							<lines>
								<line number="132" hits="29" branch="false"/>
								<line number="133" hits="29" branch="false"/>
								<line number="134" hits="29" branch="false"/>
							</lines>
						</method>
						<method name="terminal" signature="(Ljava/lang/String;)Lde/weltraumschaf/jebnf/ast/builder/GenericBuilder;" line-rate="1.0" branch-rate="1.0">
							<lines>
								<line number="78" hits="110" branch="false"/>
								<line number="79" hits="110" branch="false"/>
							</lines>
						</method>
					</methods>
					<lines>
						<line number="46" hits="118" branch="false"/>
						<line number="47" hits="118" branch="false"/>
						<line number="48" hits="118" branch="false"/>
						<line number="49" hits="118" branch="false"/>
						<line number="57" hits="118" branch="false"/>
						<line number="67" hits="70" branch="false"/>
						<line number="68" hits="70" branch="false"/>
						<line number="78" hits="110" branch="false"/>
						<line number="79" hits="110" branch="false"/>
						<line number="89" hits="3" branch="false"/>
						<line number="90" hits="3" branch="false"/>
						<line number="99" hits="16" branch="false"/>
						<line number="100" hits="16" branch="false"/>
						<line number="101" hits="16" branch="false"/>
						<line number="110" hits="20" branch="false"/>
						<line number="111" hits="20" branch="false"/>
						<line number="112" hits="20" branch="false"/>
						<line number="121" hits="14" branch="false"/>
						<line number="122" hits="14" branch="false"/>
						<line number="123" hits="14" branch="false"/>
						<line number="132" hits="29" branch="false"/>
						<line number="133" hits="29" branch="false"/>
						<line number="134" hits="29" branch="false"/>
					</lines>
				</class>
				<class name="de.weltraumschaf.jebnf.ast.builder.RuleBuilder" filename="de/weltraumschaf/jebnf/ast/builder/RuleBuilder.java" line-rate="1.0" branch-rate="1.0" complexity="1.0">
					<methods>
						<method name="&lt;init&gt;" signature="(Lde/weltraumschaf/jebnf/ast/nodes/Syntax;)V" line-rate="1.0" branch-rate="1.0">
							<lines>
								<line number="37" hits="18" branch="false"/>
								<line number="38" hits="18" branch="false"/>
								<line number="39" hits="18" branch="false"/>
							</lines>
						</method>
						<method name="build" signature="()Lde/weltraumschaf/jebnf/ast/nodes/Syntax;" line-rate="1.0" branch-rate="1.0">
							<lines>
								<line number="71" hits="18" branch="false"/>
							</lines>
						</method>
						<method name="comment" signature="(Ljava/lang/String;)Lde/weltraumschaf/jebnf/ast/builder/RuleBuilder;" line-rate="1.0" branch-rate="1.0">
							<lines>
								<line number="60" hits="3" branch="false"/>
								<line number="61" hits="3" branch="false"/>
								<line number="62" hits="3" branch="false"/>
							</lines>
						</method>
						<method name="rule" signature="(Ljava/lang/String;)Lde/weltraumschaf/jebnf/ast/builder/GenericBuilder;" line-rate="1.0" branch-rate="1.0">
							<lines>
								<line number="48" hits="39" branch="false"/>
								<line number="49" hits="39" branch="false"/>
								<line number="50" hits="39" branch="false"/>
							</lines>
						</method>
					</methods>
					<lines>
						<line number="37" hits="18" branch="false"/>
						<line number="38" hits="18" branch="false"/>
						<line number="39" hits="18" branch="false"/>
						<line number="48" hits="39" branch="false"/>
						<line number="49" hits="39" branch="false"/>
						<line number="50" hits="39" branch="false"/>
						<line number="60" hits="3" branch="false"/>
						<line number="61" hits="3" branch="false"/>
						<line number="62" hits="3" branch="false"/>
						<line number="71" hits="18" branch="false"/>
					</lines>
				</class>
				<class name="de.weltraumschaf.jebnf.ast.builder.SyntaxBuilder" filename="de/weltraumschaf/jebnf/ast/builder/SyntaxBuilder.java" line-rate="0.6666666666666666" branch-rate="1.0" complexity="1.0">
					<methods>
						<method name="&lt;init&gt;" signature="()V" line-rate="0.0" branch-rate="1.0">
							<lines>
								<line number="39" hits="0" branch="false"/>
							</lines>
						</method>
						<method name="syntax" signature="(Ljava/lang/String;)Lde/weltraumschaf/jebnf/ast/builder/RuleBuilder;" line-rate="1.0" branch-rate="1.0">
							<lines>
								<line number="48" hits="13" branch="false"/>
							</lines>
						</method>
						<method name="syntax" signature="(Ljava/lang/String;Ljava/lang/String;)Lde/weltraumschaf/jebnf/ast/builder/RuleBuilder;" line-rate="1.0" branch-rate="1.0">
							<lines>
								<line number="59" hits="18" branch="false"/>
							</lines>
						</method>
					</methods>
					<lines>
						<line number="39" hits="0" branch="false"/>
						<line number="48" hits="13" branch="false"/>
						<line number="59" hits="18" branch="false"/>
					</lines>
				</class>
			</classes>
		</package>
		<package name="de.weltraumschaf.jebnf.ast.nodes" line-rate="0.9827586206896551" branch-rate="0.9836065573770492" complexity="1.7424242424242424">
			<classes>
				<class name="de.weltraumschaf.jebnf.ast.nodes.Choice" filename="de/weltraumschaf/jebnf/ast/nodes/Choice.java" line-rate="1.0" branch-rate="1.0" complexity="1.5">
					<methods>
						<method name="&lt;init&gt;" signature="(Lde/weltraumschaf/jebnf/ast/Node;)V" line-rate="1.0" branch-rate="1.0">
							<lines>
								<line number="31" hits="73" branch="false"/>
								<line number="32" hits="73" branch="false"/>
							</lines>
						</method>
						<method name="newInstance" signature="()Lde/weltraumschaf/jebnf/ast/nodes/Choice;" line-rate="1.0" branch-rate="1.0">
							<lines>
								<line number="40" hits="3" branch="false"/>
							</lines>
						</method>
						<method name="newInstance" signature="(Lde/weltraumschaf/jebnf/ast/Node;)Lde/weltraumschaf/jebnf/ast/nodes/Choice;" line-rate="1.0" branch-rate="1.0">
							<lines>
								<line number="50" hits="73" branch="false"/>
							</lines>
						</method>
						<method name="toString" signature="()Ljava/lang/String;" line-rate="1.0" branch-rate="1.0">
							<lines>
								<line number="55" hits="2" branch="false"/>
								<line number="57" hits="2" branch="true" condition-coverage="100% (2/2)">
									<conditions>
										<condition number="0" type="jump" coverage="100%"/>
									</conditions>
								</line>
								<line number="58" hits="1" branch="true" condition-coverage="100% (2/2)">
									<conditions>
										<condition number="0" type="jump" coverage="100%"/>
									</conditions>
								</line>
								<line number="59" hits="2" branch="false"/>
								<line number="63" hits="2" branch="false"/>
							</lines>
						</method>
					</methods>
					<lines>
						<line number="31" hits="73" branch="false"/>
						<line number="32" hits="73" branch="false"/>
						<line number="40" hits="3" branch="false"/>
						<line number="50" hits="73" branch="false"/>
						<line number="55" hits="2" branch="false"/>
						<line number="57" hits="2" branch="true" condition-coverage="100% (2/2)">
							<conditions>
								<condition number="0" type="jump" coverage="100%"/>
							</conditions>
						</line>
						<line number="58" hits="1" branch="true" condition-coverage="100% (2/2)">
							<conditions>
								<condition number="0" type="jump" coverage="100%"/>
							</conditions>
						</line>
						<line number="59" hits="2" branch="false"/>
						<line number="63" hits="2" branch="false"/>
					</lines>
				</class>
				<class name="de.weltraumschaf.jebnf.ast.nodes.Comment" filename="de/weltraumschaf/jebnf/ast/nodes/Comment.java" line-rate="1.0" branch-rate="1.0" complexity="1.2857142857142858">
					<methods>
						<method name="&lt;init&gt;" signature="(Lde/weltraumschaf/jebnf/ast/Node;Ljava/lang/String;)V" line-rate="1.0" branch-rate="1.0">
							<lines>
								<line number="38" hits="22" branch="false"/>
								<line number="39" hits="22" branch="false"/>
								<line number="40" hits="22" branch="false"/>
							</lines>
						</method>
						<method name="depth" signature="()I" line-rate="1.0" branch-rate="1.0">
							<lines>
								<line number="107" hits="1" branch="false"/>
							</lines>
						</method>
						<method name="newInstance" signature="()Lde/weltraumschaf/jebnf/ast/nodes/Comment;" line-rate="1.0" branch-rate="1.0">
							<lines>
								<line number="48" hits="6" branch="false"/>
							</lines>
						</method>
						<method name="newInstance" signature="(Lde/weltraumschaf/jebnf/ast/Node;)Lde/weltraumschaf/jebnf/ast/nodes/Comment;" line-rate="1.0" branch-rate="1.0">
							<lines>
								<line number="68" hits="7" branch="false"/>
							</lines>
						</method>
						<method name="newInstance" signature="(Lde/weltraumschaf/jebnf/ast/Node;Ljava/lang/String;)Lde/weltraumschaf/jebnf/ast/nodes/Comment;" line-rate="1.0" branch-rate="1.0">
							<lines>
								<line number="79" hits="22" branch="false"/>
							</lines>
						</method>
						<method name="newInstance" signature="(Ljava/lang/String;)Lde/weltraumschaf/jebnf/ast/nodes/Comment;" line-rate="1.0" branch-rate="1.0">
							<lines>
								<line number="58" hits="3" branch="false"/>
							</lines>
						</method>
						<method name="probeEquivalence" signature="(Lde/weltraumschaf/jebnf/ast/Node;Lde/weltraumschaf/jebnf/ast/Notification;)V" line-rate="1.0" branch-rate="1.0">
							<lines>
								<line number="85" hits="17" branch="false"/>
								<line number="87" hits="16" branch="true" condition-coverage="100% (2/2)">
									<conditions>
										<condition number="0" type="jump" coverage="100%"/>
									</conditions>
								</line>
								<line number="88" hits="2" branch="false"/>
								<line number="91" hits="1" branch="false"/>
								<line number="92" hits="1" branch="false"/>
								<line number="97" hits="16" branch="false"/>
								<line number="98" hits="17" branch="false"/>
							</lines>
						</method>
					</methods>
					<lines>
						<line number="38" hits="22" branch="false"/>
						<line number="39" hits="22" branch="false"/>
						<line number="40" hits="22" branch="false"/>
						<line number="48" hits="6" branch="false"/>
						<line number="58" hits="3" branch="false"/>
						<line number="68" hits="7" branch="false"/>
						<line number="79" hits="22" branch="false"/>
						<line number="85" hits="17" branch="false"/>
						<line number="87" hits="16" branch="true" condition-coverage="100% (2/2)">
							<conditions>
								<condition number="0" type="jump" coverage="100%"/>
							</conditions>
						</line>
						<line number="88" hits="2" branch="false"/>
						<line number="91" hits="1" branch="false"/>
						<line number="92" hits="1" branch="false"/>
						<line number="97" hits="16" branch="false"/>
						<line number="98" hits="17" branch="false"/>
						<line number="107" hits="1" branch="false"/>
					</lines>
				</class>
				<class name="de.weltraumschaf.jebnf.ast.nodes.Identifier" filename="de/weltraumschaf/jebnf/ast/nodes/Identifier.java" line-rate="1.0" branch-rate="1.0" complexity="1.2857142857142858">
					<methods>
						<method name="&lt;init&gt;" signature="(Lde/weltraumschaf/jebnf/ast/Node;Ljava/lang/String;)V" line-rate="1.0" branch-rate="1.0">
							<lines>
								<line number="40" hits="145" branch="false"/>
								<line number="41" hits="145" branch="false"/>
								<line number="42" hits="145" branch="false"/>
							</lines>
						</method>
						<method name="depth" signature="()I" line-rate="1.0" branch-rate="1.0">
							<lines>
								<line number="105" hits="20" branch="false"/>
							</lines>
						</method>
						<method name="newInstance" signature="()Lde/weltraumschaf/jebnf/ast/nodes/Identifier;" line-rate="1.0" branch-rate="1.0">
							<lines>
								<line number="50" hits="9" branch="false"/>
							</lines>
						</method>
						<method name="newInstance" signature="(Lde/weltraumschaf/jebnf/ast/Node;)Lde/weltraumschaf/jebnf/ast/nodes/Identifier;" line-rate="1.0" branch-rate="1.0">
							<lines>
								<line number="70" hits="10" branch="false"/>
							</lines>
						</method>
						<method name="newInstance" signature="(Lde/weltraumschaf/jebnf/ast/Node;Ljava/lang/String;)Lde/weltraumschaf/jebnf/ast/nodes/Identifier;" line-rate="1.0" branch-rate="1.0">
							<lines>
								<line number="81" hits="145" branch="false"/>
							</lines>
						</method>
						<method name="newInstance" signature="(Ljava/lang/String;)Lde/weltraumschaf/jebnf/ast/nodes/Identifier;" line-rate="1.0" branch-rate="1.0">
							<lines>
								<line number="60" hits="1" branch="false"/>
							</lines>
						</method>
						<method name="probeEquivalence" signature="(Lde/weltraumschaf/jebnf/ast/Node;Lde/weltraumschaf/jebnf/ast/Notification;)V" line-rate="1.0" branch-rate="1.0">
							<lines>
								<line number="87" hits="87" branch="false"/>
								<line number="89" hits="86" branch="true" condition-coverage="100% (2/2)">
									<conditions>
										<condition number="0" type="jump" coverage="100%"/>
									</conditions>
								</line>
								<line number="90" hits="8" branch="false"/>
								<line number="93" hits="1" branch="false"/>
								<line number="94" hits="1" branch="false"/>
								<line number="95" hits="86" branch="false"/>
								<line number="96" hits="87" branch="false"/>
							</lines>
						</method>
					</methods>
					<lines>
						<line number="40" hits="145" branch="false"/>
						<line number="41" hits="145" branch="false"/>
						<line number="42" hits="145" branch="false"/>
						<line number="50" hits="9" branch="false"/>
						<line number="60" hits="1" branch="false"/>
						<line number="70" hits="10" branch="false"/>
						<line number="81" hits="145" branch="false"/>
						<line number="87" hits="87" branch="false"/>
						<line number="89" hits="86" branch="true" condition-coverage="100% (2/2)">
							<conditions>
								<condition number="0" type="jump" coverage="100%"/>
							</conditions>
						</line>
						<line number="90" hits="8" branch="false"/>
						<line number="93" hits="1" branch="false"/>
						<line number="94" hits="1" branch="false"/>
						<line number="95" hits="86" branch="false"/>
						<line number="96" hits="87" branch="false"/>
						<line number="105" hits="20" branch="false"/>
					</lines>
				</class>
				<class name="de.weltraumschaf.jebnf.ast.nodes.Loop" filename="de/weltraumschaf/jebnf/ast/nodes/Loop.java" line-rate="1.0" branch-rate="1.0" complexity="1.5">
					<methods>
						<method name="&lt;init&gt;" signature="(Lde/weltraumschaf/jebnf/ast/Node;)V" line-rate="1.0" branch-rate="1.0">
							<lines>
								<line number="31" hits="43" branch="false"/>
								<line number="32" hits="43" branch="false"/>
							</lines>
						</method>
						<method name="newInstance" signature="()Lde/weltraumschaf/jebnf/ast/nodes/Loop;" line-rate="1.0" branch-rate="1.0">
							<lines>
								<line number="40" hits="5" branch="false"/>
							</lines>
						</method>
						<method name="newInstance" signature="(Lde/weltraumschaf/jebnf/ast/Node;)Lde/weltraumschaf/jebnf/ast/nodes/Loop;" line-rate="1.0" branch-rate="1.0">
							<lines>
								<line number="50" hits="43" branch="false"/>
							</lines>
						</method>
						<method name="toString" signature="()Ljava/lang/String;" line-rate="1.0" branch-rate="1.0">
							<lines>
								<line number="55" hits="2" branch="false"/>
								<line number="57" hits="2" branch="true" condition-coverage="100% (2/2)">
									<conditions>
										<condition number="0" type="jump" coverage="100%"/>
									</conditions>
								</line>
								<line number="58" hits="1" branch="true" condition-coverage="100% (2/2)">
									<conditions>
										<condition number="0" type="jump" coverage="100%"/>
									</conditions>
								</line>
								<line number="59" hits="2" branch="false"/>
								<line number="63" hits="2" branch="false"/>
							</lines>
						</method>
					</methods>
					<lines>
						<line number="31" hits="43" branch="false"/>
						<line number="32" hits="43" branch="false"/>
						<line number="40" hits="5" branch="false"/>
						<line number="50" hits="43" branch="false"/>
						<line number="55" hits="2" branch="false"/>
						<line number="57" hits="2" branch="true" condition-coverage="100% (2/2)">
							<conditions>
								<condition number="0" type="jump" coverage="100%"/>
							</conditions>
						</line>
						<line number="58" hits="1" branch="true" condition-coverage="100% (2/2)">
							<conditions>
								<condition number="0" type="jump" coverage="100%"/>
							</conditions>
						</line>
						<line number="59" hits="2" branch="false"/>
						<line number="63" hits="2" branch="false"/>
					</lines>
				</class>
				<class name="de.weltraumschaf.jebnf.ast.nodes.NodeFactory" filename="de/weltraumschaf/jebnf/ast/nodes/NodeFactory.java" line-rate="0.8235294117647058" branch-rate="0.9230769230769231" complexity="8.0">
					<methods>
						<method name="&lt;init&gt;" signature="()V" line-rate="0.0" branch-rate="1.0">
							<lines>
								<line number="28" hits="0" branch="false"/>
								<line number="29" hits="0" branch="false"/>
							</lines>
						</method>
						<method name="newNode" signature="(Lde/weltraumschaf/jebnf/ast/NodeType;)Lde/weltraumschaf/jebnf/ast/Node;" line-rate="1.0" branch-rate="1.0">
							<lines>
								<line number="72" hits="11" branch="true" condition-coverage="100% (2/2)">
									<conditions>
										<condition number="0" type="jump" coverage="100%"/>
									</conditions>
								</line>
								<line number="73" hits="1" branch="false"/>
								<line number="74" hits="10" branch="true" condition-coverage="100% (2/2)">
									<conditions>
										<condition number="0" type="jump" coverage="100%"/>
									</conditions>
								</line>
								<line number="75" hits="1" branch="false"/>
								<line number="77" hits="9" branch="false"/>
							</lines>
						</method>
						<method name="newNode" signature="(Lde/weltraumschaf/jebnf/ast/NodeType;Lde/weltraumschaf/jebnf/ast/Node;)Lde/weltraumschaf/jebnf/ast/Node;" line-rate="0.9" branch-rate="0.8888888888888888">
							<lines>
								<line number="39" hits="9" branch="true" condition-coverage="88% (8/9)">
									<conditions>
										<condition number="0" type="switch" coverage="88%"/>
									</conditions>
								</line>
								<line number="41" hits="1" branch="false"/>
								<line number="43" hits="1" branch="false"/>
								<line number="45" hits="1" branch="false"/>
								<line number="47" hits="2" branch="false"/>
								<line number="49" hits="1" branch="false"/>
								<line number="51" hits="1" branch="false"/>
								<line number="53" hits="1" branch="false"/>
								<line number="55" hits="1" branch="false"/>
								<line number="58" hits="0" branch="false"/>
							</lines>
						</method>
					</methods>
					<lines>
						<line number="28" hits="0" branch="false"/>
						<line number="29" hits="0" branch="false"/>
						<line number="39" hits="9" branch="true" condition-coverage="88% (8/9)">
							<conditions>
								<condition number="0" type="switch" coverage="88%"/>
							</conditions>
						</line>
						<line number="41" hits="1" branch="false"/>
						<line number="43" hits="1" branch="false"/>
						<line number="45" hits="1" branch="false"/>
						<line number="47" hits="2" branch="false"/>
						<line number="49" hits="1" branch="false"/>
						<line number="51" hits="1" branch="false"/>
						<line number="53" hits="1" branch="false"/>
						<line number="55" hits="1" branch="false"/>
						<line number="58" hits="0" branch="false"/>
						<line number="72" hits="11" branch="true" condition-coverage="100% (2/2)">
							<conditions>
								<condition number="0" type="jump" coverage="100%"/>
							</conditions>
						</line>
						<line number="73" hits="1" branch="false"/>
						<line number="74" hits="10" branch="true" condition-coverage="100% (2/2)">
							<conditions>
								<condition number="0" type="jump" coverage="100%"/>
							</conditions>
						</line>
						<line number="75" hits="1" branch="false"/>
						<line number="77" hits="9" branch="false"/>
					</lines>
				</class>
				<class name="de.weltraumschaf.jebnf.ast.nodes.NodeFactory$1" filename="de/weltraumschaf/jebnf/ast/nodes/NodeFactory.java" line-rate="1.0" branch-rate="1.0" complexity="8.0">
					<methods>
						<method name="&lt;clinit&gt;" signature="()V" line-rate="1.0" branch-rate="1.0">
							<lines>
								<line number="39" hits="1" branch="false"/>
							</lines>
						</method>
					</methods>
					<lines>
						<line number="39" hits="1" branch="false"/>
					</lines>
				</class>
				<class name="de.weltraumschaf.jebnf.ast.nodes.Null" filename="de/weltraumschaf/jebnf/ast/nodes/Null.java" line-rate="1.0" branch-rate="1.0" complexity="1.2">
					<methods>
						<method name="&lt;clinit&gt;" signature="()V" line-rate="1.0" branch-rate="1.0">
							<lines>
								<line number="29" hits="1" branch="false"/>
							</lines>
						</method>
						<method name="&lt;init&gt;" signature="()V" line-rate="1.0" branch-rate="1.0">
							<lines>
								<line number="35" hits="1" branch="false"/>
								<line number="36" hits="1" branch="false"/>
							</lines>
						</method>
						<method name="accept" signature="(Lde/weltraumschaf/jebnf/ast/Visitor;)V" line-rate="1.0" branch-rate="1.0">
							<lines>
								<line number="50" hits="1" branch="false"/>
							</lines>
						</method>
						<method name="depth" signature="()I" line-rate="1.0" branch-rate="1.0">
							<lines>
								<line number="61" hits="1" branch="false"/>
							</lines>
						</method>
						<method name="getInstance" signature="()Lde/weltraumschaf/jebnf/ast/nodes/Null;" line-rate="1.0" branch-rate="1.0">
							<lines>
								<line number="44" hits="116" branch="false"/>
							</lines>
						</method>
						<method name="probeEquivalence" signature="(Lde/weltraumschaf/jebnf/ast/Node;Lde/weltraumschaf/jebnf/ast/Notification;)V" line-rate="1.0" branch-rate="1.0">
							<lines>
								<line number="54" hits="2" branch="true" condition-coverage="100% (2/2)">
									<conditions>
										<condition number="0" type="jump" coverage="100%"/>
									</conditions>
								</line>
								<line number="55" hits="1" branch="false"/>
								<line number="57" hits="2" branch="false"/>
							</lines>
						</method>
					</methods>
					<lines>
						<line number="29" hits="1" branch="false"/>
						<line number="35" hits="1" branch="false"/>
						<line number="36" hits="1" branch="false"/>
						<line number="44" hits="116" branch="false"/>
						<line number="50" hits="1" branch="false"/>
						<line number="54" hits="2" branch="true" condition-coverage="100% (2/2)">
							<conditions>
								<condition number="0" type="jump" coverage="100%"/>
							</conditions>
						</line>
						<line number="55" hits="1" branch="false"/>
						<line number="57" hits="2" branch="false"/>
						<line number="61" hits="1" branch="false"/>
					</lines>
				</class>
				<class name="de.weltraumschaf.jebnf.ast.nodes.Option" filename="de/weltraumschaf/jebnf/ast/nodes/Option.java" line-rate="1.0" branch-rate="1.0" complexity="1.5">
					<methods>
						<method name="&lt;init&gt;" signature="(Lde/weltraumschaf/jebnf/ast/Node;)V" line-rate="1.0" branch-rate="1.0">
							<lines>
								<line number="31" hits="22" branch="false"/>
								<line number="32" hits="22" branch="false"/>
							</lines>
						</method>
						<method name="newInstance" signature="()Lde/weltraumschaf/jebnf/ast/nodes/Option;" line-rate="1.0" branch-rate="1.0">
							<lines>
								<line number="40" hits="3" branch="false"/>
							</lines>
						</method>
						<method name="newInstance" signature="(Lde/weltraumschaf/jebnf/ast/Node;)Lde/weltraumschaf/jebnf/ast/nodes/Option;" line-rate="1.0" branch-rate="1.0">
							<lines>
								<line number="50" hits="22" branch="false"/>
							</lines>
						</method>
						<method name="toString" signature="()Ljava/lang/String;" line-rate="1.0" branch-rate="1.0">
							<lines>
								<line number="55" hits="2" branch="false"/>
								<line number="57" hits="2" branch="true" condition-coverage="100% (2/2)">
									<conditions>
										<condition number="0" type="jump" coverage="100%"/>
									</conditions>
								</line>
								<line number="58" hits="1" branch="true" condition-coverage="100% (2/2)">
									<conditions>
										<condition number="0" type="jump" coverage="100%"/>
									</conditions>
								</line>
								<line number="59" hits="2" branch="false"/>
								<line number="63" hits="2" branch="false"/>
							</lines>
						</method>
					</methods>
					<lines>
						<line number="31" hits="22" branch="false"/>
						<line number="32" hits="22" branch="false"/>
						<line number="40" hits="3" branch="false"/>
						<line number="50" hits="22" branch="false"/>
						<line number="55" hits="2" branch="false"/>
						<line number="57" hits="2" branch="true" condition-coverage="100% (2/2)">
							<conditions>
								<condition number="0" type="jump" coverage="100%"/>
							</conditions>
						</line>
						<line number="58" hits="1" branch="true" condition-coverage="100% (2/2)">
							<conditions>
								<condition number="0" type="jump" coverage="100%"/>
							</conditions>
						</line>
						<line number="59" hits="2" branch="false"/>
						<line number="63" hits="2" branch="false"/>
					</lines>
				</class>
				<class name="de.weltraumschaf.jebnf.ast.nodes.Rule" filename="de/weltraumschaf/jebnf/ast/nodes/Rule.java" line-rate="1.0" branch-rate="1.0" complexity="1.4285714285714286">
					<methods>
						<method name="&lt;init&gt;" signature="(Lde/weltraumschaf/jebnf/ast/Node;Ljava/lang/String;)V" line-rate="1.0" branch-rate="1.0">
							<lines>
								<line number="38" hits="81" branch="false"/>
								<line number="39" hits="81" branch="false"/>
								<line number="40" hits="81" branch="false"/>
							</lines>
						</method>
						<method name="newInstance" signature="()Lde/weltraumschaf/jebnf/ast/nodes/Rule;" line-rate="1.0" branch-rate="1.0">
							<lines>
								<line number="48" hits="7" branch="false"/>
							</lines>
						</method>
						<method name="newInstance" signature="(Lde/weltraumschaf/jebnf/ast/Node;)Lde/weltraumschaf/jebnf/ast/nodes/Rule;" line-rate="1.0" branch-rate="1.0">
							<lines>
								<line number="68" hits="11" branch="false"/>
							</lines>
						</method>
						<method name="newInstance" signature="(Lde/weltraumschaf/jebnf/ast/Node;Ljava/lang/String;)Lde/weltraumschaf/jebnf/ast/nodes/Rule;" line-rate="1.0" branch-rate="1.0">
							<lines>
								<line number="79" hits="81" branch="false"/>
							</lines>
						</method>
						<method name="newInstance" signature="(Ljava/lang/String;)Lde/weltraumschaf/jebnf/ast/nodes/Rule;" line-rate="1.0" branch-rate="1.0">
							<lines>
								<line number="58" hits="2" branch="false"/>
							</lines>
						</method>
						<method name="probeEquivalence" signature="(Lde/weltraumschaf/jebnf/ast/Node;Lde/weltraumschaf/jebnf/ast/Notification;)V" line-rate="1.0" branch-rate="1.0">
							<lines>
								<line number="84" hits="50" branch="false"/>
								<line number="86" hits="50" branch="false"/>
								<line number="88" hits="50" branch="true" condition-coverage="100% (2/2)">
									<conditions>
										<condition number="0" type="jump" coverage="100%"/>
									</conditions>
								</line>
								<line number="89" hits="1" branch="false"/>
								<line number="92" hits="50" branch="false"/>
							</lines>
						</method>
						<method name="toString" signature="()Ljava/lang/String;" line-rate="1.0" branch-rate="1.0">
							<lines>
								<line number="96" hits="2" branch="false"/>
								<line number="98" hits="2" branch="true" condition-coverage="100% (2/2)">
									<conditions>
										<condition number="0" type="jump" coverage="100%"/>
									</conditions>
								</line>
								<line number="99" hits="1" branch="true" condition-coverage="100% (2/2)">
									<conditions>
										<condition number="0" type="jump" coverage="100%"/>
									</conditions>
								</line>
								<line number="100" hits="2" branch="false"/>
								<line number="104" hits="2" branch="false"/>
							</lines>
						</method>
					</methods>
					<lines>
						<line number="38" hits="81" branch="false"/>
						<line number="39" hits="81" branch="false"/>
						<line number="40" hits="81" branch="false"/>
						<line number="48" hits="7" branch="false"/>
						<line number="58" hits="2" branch="false"/>
						<line number="68" hits="11" branch="false"/>
						<line number="79" hits="81" branch="false"/>
						<line number="84" hits="50" branch="false"/>
						<line number="86" hits="50" branch="false"/>
						<line number="88" hits="50" branch="true" condition-coverage="100% (2/2)">
							<conditions>
								<condition number="0" type="jump" coverage="100%"/>
							</conditions>
						</line>
						<line number="89" hits="1" branch="false"/>
						<line number="92" hits="50" branch="false"/>
						<line number="96" hits="2" branch="false"/>
						<line number="98" hits="2" branch="true" condition-coverage="100% (2/2)">
							<conditions>
								<condition number="0" type="jump" coverage="100%"/>
							</conditions>
						</line>
						<line number="99" hits="1" branch="true" condition-coverage="100% (2/2)">
							<conditions>
								<condition number="0" type="jump" coverage="100%"/>
							</conditions>
						</line>
						<line number="100" hits="2" branch="false"/>
						<line number="104" hits="2" branch="false"/>
					</lines>
				</class>
				<class name="de.weltraumschaf.jebnf.ast.nodes.Sequence" filename="de/weltraumschaf/jebnf/ast/nodes/Sequence.java" line-rate="1.0" branch-rate="1.0" complexity="1.5">
					<methods>
						<method name="&lt;init&gt;" signature="(Lde/weltraumschaf/jebnf/ast/Node;)V" line-rate="1.0" branch-rate="1.0">
							<lines>
								<line number="31" hits="159" branch="false"/>
								<line number="32" hits="159" branch="false"/>
							</lines>
						</method>
						<method name="newInstance" signature="()Lde/weltraumschaf/jebnf/ast/nodes/Sequence;" line-rate="1.0" branch-rate="1.0">
							<lines>
								<line number="40" hits="5" branch="false"/>
							</lines>
						</method>
						<method name="newInstance" signature="(Lde/weltraumschaf/jebnf/ast/Node;)Lde/weltraumschaf/jebnf/ast/nodes/Sequence;" line-rate="1.0" branch-rate="1.0">
							<lines>
								<line number="50" hits="159" branch="false"/>
							</lines>
						</method>
						<method name="toString" signature="()Ljava/lang/String;" line-rate="1.0" branch-rate="1.0">
							<lines>
								<line number="55" hits="2" branch="false"/>
								<line number="57" hits="2" branch="true" condition-coverage="100% (2/2)">
									<conditions>
										<condition number="0" type="jump" coverage="100%"/>
									</conditions>
								</line>
								<line number="58" hits="1" branch="true" condition-coverage="100% (2/2)">
									<conditions>
										<condition number="0" type="jump" coverage="100%"/>
									</conditions>
								</line>
								<line number="59" hits="2" branch="false"/>
								<line number="63" hits="2" branch="false"/>
							</lines>
						</method>
					</methods>
					<lines>
						<line number="31" hits="159" branch="false"/>
						<line number="32" hits="159" branch="false"/>
						<line number="40" hits="5" branch="false"/>
						<line number="50" hits="159" branch="false"/>
						<line number="55" hits="2" branch="false"/>
						<line number="57" hits="2" branch="true" condition-coverage="100% (2/2)">
							<conditions>
								<condition number="0" type="jump" coverage="100%"/>
							</conditions>
						</line>
						<line number="58" hits="1" branch="true" condition-coverage="100% (2/2)">
							<conditions>
								<condition number="0" type="jump" coverage="100%"/>
							</conditions>
						</line>
						<line number="59" hits="2" branch="false"/>
						<line number="63" hits="2" branch="false"/>
					</lines>
				</class>
				<class name="de.weltraumschaf.jebnf.ast.nodes.Syntax" filename="de/weltraumschaf/jebnf/ast/nodes/Syntax.java" line-rate="1.0" branch-rate="1.0" complexity="1.7142857142857142">
					<methods>
						<method name="&lt;clinit&gt;" signature="()V" line-rate="1.0" branch-rate="1.0">
							<lines>
								<line number="45" hits="1" branch="false"/>
							</lines>
						</method>
						<method name="&lt;init&gt;" signature="(Ljava/lang/String;Ljava/lang/String;)V" line-rate="1.0" branch-rate="1.0">
							<lines>
								<line number="50" hits="41" branch="false"/>
								<line number="59" hits="41" branch="false"/>
								<line number="60" hits="41" branch="false"/>
								<line number="61" hits="41" branch="false"/>
								<line number="62" hits="41" branch="false"/>
							</lines>
						</method>
						<method name="accept" signature="(Lde/weltraumschaf/jebnf/ast/Visitor;)V" line-rate="1.0" branch-rate="1.0">
							<lines>
								<line number="162" hits="12" branch="false"/>
								<line number="163" hits="12" branch="false"/>
								<line number="165" hits="12" branch="true" condition-coverage="100% (2/2)">
									<conditions>
										<condition number="0" type="jump" coverage="100%"/>
									</conditions>
								</line>
								<line number="166" hits="10" branch="true" condition-coverage="100% (2/2)">
									<conditions>
										<condition number="0" type="jump" coverage="100%"/>
									</conditions>
								</line>
								<line number="167" hits="18" branch="false"/>
								<line number="171" hits="12" branch="false"/>
								<line number="172" hits="12" branch="false"/>
							</lines>
						</method>
						<method name="addChild" signature="(Lde/weltraumschaf/jebnf/ast/Node;)V" line-rate="1.0" branch-rate="1.0">
							<lines>
								<line number="106" hits="85" branch="false"/>
								<line number="107" hits="85" branch="false"/>
							</lines>
						</method>
						<method name="countChildren" signature="()I" line-rate="1.0" branch-rate="1.0">
							<lines>
								<line number="96" hits="99" branch="false"/>
							</lines>
						</method>
						<method name="depth" signature="()I" line-rate="1.0" branch-rate="1.0">
							<lines>
								<line number="176" hits="16" branch="false"/>
							</lines>
						</method>
						<method name="getChildren" signature="()Ljava/util/List;" line-rate="1.0" branch-rate="1.0">
							<lines>
								<line number="111" hits="84" branch="false"/>
							</lines>
						</method>
						<method name="getNodeName" signature="()Ljava/lang/String;" line-rate="1.0" branch-rate="1.0">
							<lines>
								<line number="194" hits="19" branch="false"/>
							</lines>
						</method>
						<method name="getType" signature="()Lde/weltraumschaf/jebnf/ast/NodeType;" line-rate="1.0" branch-rate="1.0">
							<lines>
								<line number="199" hits="1" branch="false"/>
							</lines>
						</method>
						<method name="hasChildren" signature="()Z" line-rate="1.0" branch-rate="1.0">
							<lines>
								<line number="101" hits="39" branch="true" condition-coverage="100% (2/2)">
									<conditions>
										<condition number="0" type="jump" coverage="100%"/>
									</conditions>
								</line>
							</lines>
						</method>
						<method name="newInstance" signature="()Lde/weltraumschaf/jebnf/ast/nodes/Syntax;" line-rate="1.0" branch-rate="1.0">
							<lines>
								<line number="70" hits="13" branch="false"/>
							</lines>
						</method>
						<method name="newInstance" signature="(Ljava/lang/String;)Lde/weltraumschaf/jebnf/ast/nodes/Syntax;" line-rate="1.0" branch-rate="1.0">
							<lines>
								<line number="80" hits="13" branch="false"/>
							</lines>
						</method>
						<method name="newInstance" signature="(Ljava/lang/String;Ljava/lang/String;)Lde/weltraumschaf/jebnf/ast/nodes/Syntax;" line-rate="1.0" branch-rate="1.0">
							<lines>
								<line number="91" hits="41" branch="false"/>
							</lines>
						</method>
						<method name="probeEquivalence" signature="(Lde/weltraumschaf/jebnf/ast/Node;Lde/weltraumschaf/jebnf/ast/Notification;)V" line-rate="1.0" branch-rate="1.0">
							<lines>
								<line number="117" hits="29" branch="false"/>
								<line number="119" hits="28" branch="true" condition-coverage="100% (2/2)">
									<conditions>
										<condition number="0" type="jump" coverage="100%"/>
									</conditions>
								</line>
								<line number="120" hits="6" branch="false"/>
								<line number="124" hits="28" branch="true" condition-coverage="100% (2/2)">
									<conditions>
										<condition number="0" type="jump" coverage="100%"/>
									</conditions>
								</line>
								<line number="125" hits="4" branch="false"/>
								<line number="129" hits="28" branch="true" condition-coverage="100% (2/2)">
									<conditions>
										<condition number="0" type="jump" coverage="100%"/>
									</conditions>
								</line>
								<line number="130" hits="2" branch="false"/>
								<line number="138" hits="28" branch="false"/>
								<line number="139" hits="28" branch="false"/>
								<line number="140" hits="28" branch="false"/>
								<line number="142" hits="28" branch="true" condition-coverage="100% (2/2)">
									<conditions>
										<condition number="0" type="jump" coverage="100%"/>
									</conditions>
								</line>
								<line number="144" hits="57" branch="false"/>
								<line number="145" hits="1" branch="false"/>
								<line number="146" hits="1" branch="false"/>
								<line number="147" hits="56" branch="false"/>
								<line number="149" hits="57" branch="false"/>
								<line number="151" hits="1" branch="false"/>
								<line number="152" hits="1" branch="false"/>
								<line number="157" hits="28" branch="false"/>
								<line number="158" hits="29" branch="false"/>
							</lines>
						</method>
						<method name="toString" signature="()Ljava/lang/String;" line-rate="1.0" branch-rate="1.0">
							<lines>
								<line number="181" hits="2" branch="false"/>
								<line number="183" hits="2" branch="true" condition-coverage="100% (2/2)">
									<conditions>
										<condition number="0" type="jump" coverage="100%"/>
									</conditions>
								</line>
								<line number="184" hits="1" branch="true" condition-coverage="100% (2/2)">
									<conditions>
										<condition number="0" type="jump" coverage="100%"/>
									</conditions>
								</line>
								<line number="185" hits="2" branch="false"/>
								<line number="189" hits="2" branch="false"/>
							</lines>
						</method>
					</methods>
					<lines>
						<line number="45" hits="1" branch="false"/>
						<line number="50" hits="41" branch="false"/>
						<line number="59" hits="41" branch="false"/>
						<line number="60" hits="41" branch="false"/>
						<line number="61" hits="41" branch="false"/>
						<line number="62" hits="41" branch="false"/>
						<line number="70" hits="13" branch="false"/>
						<line number="80" hits="13" branch="false"/>
						<line number="91" hits="41" branch="false"/>
						<line number="96" hits="99" branch="false"/>
						<line number="101" hits="39" branch="true" condition-coverage="100% (2/2)">
							<conditions>
								<condition number="0" type="jump" coverage="100%"/>
							</conditions>
						</line>
						<line number="106" hits="85" branch="false"/>
						<line number="107" hits="85" branch="false"/>
						<line number="111" hits="84" branch="false"/>
						<line number="117" hits="29" branch="false"/>
						<line number="119" hits="28" branch="true" condition-coverage="100% (2/2)">
							<conditions>
								<condition number="0" type="jump" coverage="100%"/>
							</conditions>
						</line>
						<line number="120" hits="6" branch="false"/>
						<line number="124" hits="28" branch="true" condition-coverage="100% (2/2)">
							<conditions>
								<condition number="0" type="jump" coverage="100%"/>
							</conditions>
						</line>
						<line number="125" hits="4" branch="false"/>
						<line number="129" hits="28" branch="true" condition-coverage="100% (2/2)">
							<conditions>
								<condition number="0" type="jump" coverage="100%"/>
							</conditions>
						</line>
						<line number="130" hits="2" branch="false"/>
						<line number="138" hits="28" branch="false"/>
						<line number="139" hits="28" branch="false"/>
						<line number="140" hits="28" branch="false"/>
						<line number="142" hits="28" branch="true" condition-coverage="100% (2/2)">
							<conditions>
								<condition number="0" type="jump" coverage="100%"/>
							</conditions>
						</line>
						<line number="144" hits="57" branch="false"/>
						<line number="145" hits="1" branch="false"/>
						<line number="146" hits="1" branch="false"/>
						<line number="147" hits="56" branch="false"/>
						<line number="149" hits="57" branch="false"/>
						<line number="151" hits="1" branch="false"/>
						<line number="152" hits="1" branch="false"/>
						<line number="157" hits="28" branch="false"/>
						<line number="158" hits="29" branch="false"/>
						<line number="162" hits="12" branch="false"/>
						<line number="163" hits="12" branch="false"/>
						<line number="165" hits="12" branch="true" condition-coverage="100% (2/2)">
							<conditions>
								<condition number="0" type="jump" coverage="100%"/>
							</conditions>
						</line>
						<line number="166" hits="10" branch="true" condition-coverage="100% (2/2)">
							<conditions>
								<condition number="0" type="jump" coverage="100%"/>
							</conditions>
						</line>
						<line number="167" hits="18" branch="false"/>
						<line number="171" hits="12" branch="false"/>
						<line number="172" hits="12" branch="false"/>
						<line number="176" hits="16" branch="false"/>
						<line number="181" hits="2" branch="false"/>
						<line number="183" hits="2" branch="true" condition-coverage="100% (2/2)">
							<conditions>
								<condition number="0" type="jump" coverage="100%"/>
							</conditions>
						</line>
						<line number="184" hits="1" branch="true" condition-coverage="100% (2/2)">
							<conditions>
								<condition number="0" type="jump" coverage="100%"/>
							</conditions>
						</line>
						<line number="185" hits="2" branch="false"/>
						<line number="189" hits="2" branch="false"/>
						<line number="194" hits="19" branch="false"/>
						<line number="199" hits="1" branch="false"/>
					</lines>
				</class>
				<class name="de.weltraumschaf.jebnf.ast.nodes.Terminal" filename="de/weltraumschaf/jebnf/ast/nodes/Terminal.java" line-rate="1.0" branch-rate="1.0" complexity="1.2857142857142858">
					<methods>
						<method name="&lt;init&gt;" signature="(Lde/weltraumschaf/jebnf/ast/Node;Ljava/lang/String;)V" line-rate="1.0" branch-rate="1.0">
							<lines>
								<line number="40" hits="219" branch="false"/>
								<line number="41" hits="219" branch="false"/>
								<line number="42" hits="219" branch="false"/>
							</lines>
						</method>
						<method name="depth" signature="()I" line-rate="1.0" branch-rate="1.0">
							<lines>
								<line number="109" hits="15" branch="false"/>
							</lines>
						</method>
						<method name="newInstance" signature="()Lde/weltraumschaf/jebnf/ast/nodes/Terminal;" line-rate="1.0" branch-rate="1.0">
							<lines>
								<line number="50" hits="9" branch="false"/>
							</lines>
						</method>
						<method name="newInstance" signature="(Lde/weltraumschaf/jebnf/ast/Node;)Lde/weltraumschaf/jebnf/ast/nodes/Terminal;" line-rate="1.0" branch-rate="1.0">
							<lines>
								<line number="70" hits="10" branch="false"/>
							</lines>
						</method>
						<method name="newInstance" signature="(Lde/weltraumschaf/jebnf/ast/Node;Ljava/lang/String;)Lde/weltraumschaf/jebnf/ast/nodes/Terminal;" line-rate="1.0" branch-rate="1.0">
							<lines>
								<line number="81" hits="219" branch="false"/>
							</lines>
						</method>
						<method name="newInstance" signature="(Ljava/lang/String;)Lde/weltraumschaf/jebnf/ast/nodes/Terminal;" line-rate="1.0" branch-rate="1.0">
							<lines>
								<line number="60" hits="1" branch="false"/>
							</lines>
						</method>
						<method name="probeEquivalence" signature="(Lde/weltraumschaf/jebnf/ast/Node;Lde/weltraumschaf/jebnf/ast/Notification;)V" line-rate="1.0" branch-rate="1.0">
							<lines>
								<line number="87" hits="163" branch="false"/>
								<line number="89" hits="162" branch="true" condition-coverage="100% (2/2)">
									<conditions>
										<condition number="0" type="jump" coverage="100%"/>
									</conditions>
								</line>
								<line number="90" hits="2" branch="false"/>
								<line number="93" hits="1" branch="false"/>
								<line number="94" hits="1" branch="false"/>
								<line number="99" hits="162" branch="false"/>
								<line number="100" hits="163" branch="false"/>
							</lines>
						</method>
					</methods>
					<lines>
[...]
						<line number="106" hits="10" branch="false"/>
						<line number="107" hits="10" branch="false"/>
					</lines>
				</class>
				<class name="de.weltraumschaf.jebnf.parser.ReferenceGrammar" filename="de/weltraumschaf/jebnf/parser/ReferenceGrammar.java" line-rate="0.8333333333333334" branch-rate="1.0" complexity="1.5">
					<methods>
						<method name="&lt;clinit&gt;" signature="()V" line-rate="1.0" branch-rate="1.0">
							<lines>
								<line number="32" hits="1" branch="false"/>
							</lines>
						</method>
						<method name="&lt;init&gt;" signature="()V" line-rate="1.0" branch-rate="1.0">
							<lines>
								<line number="46" hits="1" branch="false"/>
								<line number="47" hits="1" branch="false"/>
							</lines>
						</method>
						<method name="getInstance" signature="()Lde/weltraumschaf/jebnf/parser/ReferenceGrammar;" line-rate="1.0" branch-rate="1.0">
							<lines>
								<line number="55" hits="2" branch="false"/>
							</lines>
						</method>
						<method name="getSyntax" signature="()Lde/weltraumschaf/jebnf/ast/nodes/Syntax;" line-rate="0.7142857142857143" branch-rate="1.0">
							<lines>
								<line number="96" hits="2" branch="true" condition-coverage="100% (2/2)">
									<conditions>
										<condition number="0" type="jump" coverage="100%"/>
									</conditions>
								</line>
								<line number="97" hits="1" branch="false"/>
								<line number="100" hits="1" branch="false"/>
								<line number="101" hits="0" branch="false"/>
								<line number="103" hits="0" branch="false"/>
								<line number="104" hits="1" branch="false"/>
								<line number="107" hits="2" branch="false"/>
							</lines>
						</method>
						<method name="toString" signature="()Ljava/lang/String;" line-rate="1.0" branch-rate="1.0">
							<lines>
								<line number="65" hits="1" branch="false"/>
							</lines>
						</method>
					</methods>
					<lines>
						<line number="32" hits="1" branch="false"/>
						<line number="46" hits="1" branch="false"/>
						<line number="47" hits="1" branch="false"/>
						<line number="55" hits="2" branch="false"/>
						<line number="65" hits="1" branch="false"/>
						<line number="96" hits="2" branch="true" condition-coverage="100% (2/2)">
							<conditions>
								<condition number="0" type="jump" coverage="100%"/>
							</conditions>
						</line>
						<line number="97" hits="1" branch="false"/>
						<line number="100" hits="1" branch="false"/>
						<line number="101" hits="0" branch="false"/>
						<line number="103" hits="0" branch="false"/>
						<line number="104" hits="1" branch="false"/>
						<line number="107" hits="2" branch="false"/>
					</lines>
				</class>
				<class name="de.weltraumschaf.jebnf.parser.Scanner" filename="de/weltraumschaf/jebnf/parser/Scanner.java" line-rate="1.0" branch-rate="1.0" complexity="1.0">
					<methods>
					</methods>
					<lines>
					</lines>
				</class>
				<class name="de.weltraumschaf.jebnf.parser.StringHelper" filename="de/weltraumschaf/jebnf/parser/StringHelper.java" line-rate="0.7777777777777778" branch-rate="0.5" complexity="2.0">
					<methods>
						<method name="&lt;init&gt;" signature="()V" line-rate="0.0" branch-rate="1.0">
							<lines>
								<line number="25" hits="0" branch="false"/>
								<line number="26" hits="0" branch="false"/>
							</lines>
						</method>
						<method name="unquoteString" signature="(Ljava/lang/String;)Ljava/lang/String;" line-rate="1.0" branch-rate="0.5">
							<lines>
								<line number="35" hits="111" branch="false"/>
								<line number="36" hits="111" branch="false"/>
								<line number="38" hits="111" branch="true" condition-coverage="50% (1/2)">
									<conditions>
										<condition number="0" type="jump" coverage="50%"/>
									</conditions>
								</line>
								<line number="39" hits="111" branch="false"/>
								<line number="42" hits="111" branch="true" condition-coverage="50% (1/2)">
									<conditions>
										<condition number="0" type="jump" coverage="50%"/>
									</conditions>
								</line>
								<line number="43" hits="111" branch="false"/>
								<line number="46" hits="111" branch="false"/>
							</lines>
						</method>
					</methods>
					<lines>
						<line number="25" hits="0" branch="false"/>
						<line number="26" hits="0" branch="false"/>
						<line number="35" hits="111" branch="false"/>
						<line number="36" hits="111" branch="false"/>
						<line number="38" hits="111" branch="true" condition-coverage="50% (1/2)">
							<conditions>
								<condition number="0" type="jump" coverage="50%"/>
							</conditions>
						</line>
						<line number="39" hits="111" branch="false"/>
						<line number="42" hits="111" branch="true" condition-coverage="50% (1/2)">
							<conditions>
								<condition number="0" type="jump" coverage="50%"/>
							</conditions>
						</line>
						<line number="43" hits="111" branch="false"/>
						<line number="46" hits="111" branch="false"/>
					</lines>
				</class>
				<class name="de.weltraumschaf.jebnf.parser.SyntaxException" filename="de/weltraumschaf/jebnf/parser/SyntaxException.java" line-rate="1.0" branch-rate="1.0" complexity="1.0">
					<methods>
						<method name="&lt;init&gt;" signature="(Ljava/lang/String;Lde/weltraumschaf/jebnf/parser/Position;)V" line-rate="1.0" branch-rate="1.0">
							<lines>
								<line number="40" hits="4" branch="false"/>
								<line number="41" hits="4" branch="false"/>
							</lines>
						</method>
						<method name="&lt;init&gt;" signature="(Ljava/lang/String;Lde/weltraumschaf/jebnf/parser/Position;Ljava/lang/Throwable;)V" line-rate="1.0" branch-rate="1.0">
							<lines>
								<line number="51" hits="4" branch="false"/>
								<line number="52" hits="4" branch="false"/>
								<line number="53" hits="4" branch="false"/>
							</lines>
						</method>
						<method name="getPosition" signature="()Lde/weltraumschaf/jebnf/parser/Position;" line-rate="1.0" branch-rate="1.0">
							<lines>
								<line number="61" hits="2" branch="false"/>
							</lines>
						</method>
						<method name="toString" signature="()Ljava/lang/String;" line-rate="1.0" branch-rate="1.0">
							<lines>
								<line number="66" hits="3" branch="false"/>
								<line number="67" hits="3" branch="false"/>
								<line number="71" hits="3" branch="false"/>
							</lines>
						</method>
					</methods>
					<lines>
						<line number="40" hits="4" branch="false"/>
						<line number="41" hits="4" branch="false"/>
						<line number="51" hits="4" branch="false"/>
						<line number="52" hits="4" branch="false"/>
						<line number="53" hits="4" branch="false"/>
						<line number="61" hits="2" branch="false"/>
						<line number="66" hits="3" branch="false"/>
						<line number="67" hits="3" branch="false"/>
						<line number="71" hits="3" branch="false"/>
					</lines>
				</class>
				<class name="de.weltraumschaf.jebnf.parser.Token" filename="de/weltraumschaf/jebnf/parser/Token.java" line-rate="1.0" branch-rate="0.9583333333333334" complexity="1.8571428571428572">
					<methods>
						<method name="&lt;clinit&gt;" signature="()V" line-rate="1.0" branch-rate="1.0">
							<lines>
								<line number="38" hits="1" branch="false"/>
							</lines>
						</method>
						<method name="&lt;init&gt;" signature="(Lde/weltraumschaf/jebnf/parser/TokenType;Ljava/lang/String;Lde/weltraumschaf/jebnf/parser/Position;)V" line-rate="1.0" branch-rate="1.0">
							<lines>
								<line number="73" hits="655" branch="false"/>
								<line number="74" hits="655" branch="false"/>
								<line number="75" hits="655" branch="false"/>
								<line number="76" hits="655" branch="false"/>
								<line number="77" hits="655" branch="false"/>
							</lines>
						</method>
						<method name="getPosition" signature="()Lde/weltraumschaf/jebnf/parser/Position;" line-rate="1.0" branch-rate="1.0">
							<lines>
								<line number="117" hits="223" branch="false"/>
							</lines>
						</method>
						<method name="getPosition" signature="(Z)Lde/weltraumschaf/jebnf/parser/Position;" line-rate="1.0" branch-rate="1.0">
							<lines>
								<line number="127" hits="224" branch="true" condition-coverage="100% (2/2)">
									<conditions>
										<condition number="0" type="jump" coverage="100%"/>
									</conditions>
								</line>
								<line number="128" hits="1" branch="false"/>
								<line number="135" hits="223" branch="false"/>
							</lines>
						</method>
						<method name="getType" signature="()Lde/weltraumschaf/jebnf/parser/TokenType;" line-rate="1.0" branch-rate="1.0">
							<lines>
								<line number="85" hits="532" branch="false"/>
							</lines>
						</method>
						<method name="getValue" signature="()Ljava/lang/String;" line-rate="1.0" branch-rate="1.0">
							<lines>
								<line number="94" hits="1427" branch="false"/>
							</lines>
						</method>
						<method name="getValue" signature="(Z)Ljava/lang/String;" line-rate="1.0" branch-rate="1.0">
							<lines>
								<line number="104" hits="1532" branch="true" condition-coverage="100% (2/2)">
									<conditions>
										<condition number="0" type="jump" coverage="100%"/>
									</conditions>
								</line>
								<line number="105" hits="105" branch="false"/>
								<line number="108" hits="1427" branch="false"/>
							</lines>
						</method>
						<method name="isEqual" signature="(Ljava/lang/String;)Z" line-rate="1.0" branch-rate="1.0">
							<lines>
								<line number="246" hits="34" branch="false"/>
							</lines>
						</method>
						<method name="isEquals" signature="([Ljava/lang/String;)Z" line-rate="1.0" branch-rate="1.0">
							<lines>
								<line number="220" hits="36" branch="true" condition-coverage="100% (2/2)">
									<conditions>
										<condition number="0" type="jump" coverage="100%"/>
									</conditions>
								</line>
								<line number="221" hits="30" branch="true" condition-coverage="100% (2/2)">
									<conditions>
										<condition number="0" type="jump" coverage="100%"/>
									</conditions>
								</line>
								<line number="222" hits="6" branch="false"/>
								<line number="226" hits="6" branch="false"/>
							</lines>
						</method>
						<method name="isNotEqual" signature="(Ljava/lang/String;)Z" line-rate="1.0" branch-rate="1.0">
							<lines>
								<line number="236" hits="2" branch="true" condition-coverage="100% (2/2)">
									<conditions>
										<condition number="0" type="jump" coverage="100%"/>
									</conditions>
								</line>
							</lines>
						</method>
						<method name="isNotEquals" signature="([Ljava/lang/String;)Z" line-rate="1.0" branch-rate="1.0">
							<lines>
								<line number="210" hits="6" branch="true" condition-coverage="100% (2/2)">
									<conditions>
										<condition number="0" type="jump" coverage="100%"/>
									</conditions>
								</line>
							</lines>
						</method>
						<method name="isOfType" signature="(Ljava/util/List;)Z" line-rate="1.0" branch-rate="1.0">
							<lines>
								<line number="191" hits="194" branch="false"/>
								<line number="193" hits="194" branch="true" condition-coverage="100% (2/2)">
									<conditions>
										<condition number="0" type="jump" coverage="100%"/>
									</conditions>
								</line>
								<line number="194" hits="769" branch="true" condition-coverage="100% (2/2)">
									<conditions>
										<condition number="0" type="jump" coverage="100%"/>
									</conditions>
								</line>
								<line number="195" hits="127" branch="false"/>
								<line number="196" hits="127" branch="false"/>
								<line number="200" hits="194" branch="false"/>
							</lines>
						</method>
						<method name="isOperator" signature="()Z" line-rate="1.0" branch-rate="1.0">
							<lines>
								<line number="171" hits="14" branch="false"/>
							</lines>
						</method>
						<method name="isType" signature="(Lde/weltraumschaf/jebnf/parser/TokenType;)Z" line-rate="1.0" branch-rate="1.0">
							<lines>
								<line number="181" hits="2138" branch="true" condition-coverage="100% (2/2)">
									<conditions>
										<condition number="0" type="jump" coverage="100%"/>
									</conditions>
								</line>
							</lines>
						</method>
						<method name="toString" signature="()Ljava/lang/String;" line-rate="1.0" branch-rate="0.8333333333333334">
							<lines>
								<line number="147" hits="4" branch="false"/>
								<line number="149" hits="4" branch="true" condition-coverage="75% (3/4)">
									<conditions>
										<condition number="0" type="jump" coverage="50%"/>
										<condition number="1" type="jump" coverage="100%"/>
									</conditions>
								</line>
								<line number="150" hits="3" branch="false"/>
								<line number="152" hits="3" branch="true" condition-coverage="100% (2/2)">
									<conditions>
										<condition number="0" type="jump" coverage="100%"/>
									</conditions>
								</line>
								<line number="153" hits="1" branch="false"/>
								<line number="155" hits="2" branch="false"/>
								<line number="158" hits="3" branch="false"/>
								<line number="161" hits="4" branch="false"/>
								<line number="162" hits="4" branch="false"/>
							</lines>
						</method>
					</methods>
					<lines>
						<line number="38" hits="1" branch="false"/>
						<line number="73" hits="655" branch="false"/>
						<line number="74" hits="655" branch="false"/>
						<line number="75" hits="655" branch="false"/>
						<line number="76" hits="655" branch="false"/>
						<line number="77" hits="655" branch="false"/>
						<line number="85" hits="532" branch="false"/>
						<line number="94" hits="1427" branch="false"/>
						<line number="104" hits="1532" branch="true" condition-coverage="100% (2/2)">
							<conditions>
								<condition number="0" type="jump" coverage="100%"/>
							</conditions>
						</line>
						<line number="105" hits="105" branch="false"/>
						<line number="108" hits="1427" branch="false"/>
						<line number="117" hits="223" branch="false"/>
						<line number="127" hits="224" branch="true" condition-coverage="100% (2/2)">
							<conditions>
								<condition number="0" type="jump" coverage="100%"/>
							</conditions>
						</line>
						<line number="128" hits="1" branch="false"/>
						<line number="135" hits="223" branch="false"/>
						<line number="147" hits="4" branch="false"/>
						<line number="149" hits="4" branch="true" condition-coverage="75% (3/4)">
							<conditions>
								<condition number="0" type="jump" coverage="50%"/>
								<condition number="1" type="jump" coverage="100%"/>
							</conditions>
						</line>
						<line number="150" hits="3" branch="false"/>
						<line number="152" hits="3" branch="true" condition-coverage="100% (2/2)">
							<conditions>
								<condition number="0" type="jump" coverage="100%"/>
							</conditions>
						</line>
						<line number="153" hits="1" branch="false"/>
						<line number="155" hits="2" branch="false"/>
						<line number="158" hits="3" branch="false"/>
						<line number="161" hits="4" branch="false"/>
						<line number="162" hits="4" branch="false"/>
						<line number="171" hits="14" branch="false"/>
						<line number="181" hits="2138" branch="true" condition-coverage="100% (2/2)">
							<conditions>
								<condition number="0" type="jump" coverage="100%"/>
							</conditions>
						</line>
						<line number="191" hits="194" branch="false"/>
						<line number="193" hits="194" branch="true" condition-coverage="100% (2/2)">
							<conditions>
								<condition number="0" type="jump" coverage="100%"/>
							</conditions>
						</line>
						<line number="194" hits="769" branch="true" condition-coverage="100% (2/2)">
							<conditions>
								<condition number="0" type="jump" coverage="100%"/>
							</conditions>
						</line>
						<line number="195" hits="127" branch="false"/>
						<line number="196" hits="127" branch="false"/>
						<line number="200" hits="194" branch="false"/>
						<line number="210" hits="6" branch="true" condition-coverage="100% (2/2)">
							<conditions>
								<condition number="0" type="jump" coverage="100%"/>
							</conditions>
						</line>
						<line number="220" hits="36" branch="true" condition-coverage="100% (2/2)">
							<conditions>
								<condition number="0" type="jump" coverage="100%"/>
							</conditions>
						</line>
						<line number="221" hits="30" branch="true" condition-coverage="100% (2/2)">
							<conditions>
								<condition number="0" type="jump" coverage="100%"/>
							</conditions>
						</line>
						<line number="222" hits="6" branch="false"/>
						<line number="226" hits="6" branch="false"/>
						<line number="236" hits="2" branch="true" condition-coverage="100% (2/2)">
							<conditions>
								<condition number="0" type="jump" coverage="100%"/>
							</conditions>
						</line>
						<line number="246" hits="34" branch="false"/>
					</lines>
				</class>
				<class name="de.weltraumschaf.jebnf.parser.TokenAccess" filename="de/weltraumschaf/jebnf/parser/TokenAccess.java" line-rate="1.0" branch-rate="1.0" complexity="1.0">
					<methods>
					</methods>
					<lines>
					</lines>
				</class>
				<class name="de.weltraumschaf.jebnf.parser.TokenType" filename="de/weltraumschaf/jebnf/parser/TokenType.java" line-rate="1.0" branch-rate="1.0" complexity="0.0">
					<methods>
						<method name="&lt;clinit&gt;" signature="()V" line-rate="1.0" branch-rate="1.0">
							<lines>
								<line number="22" hits="15" branch="false"/>
								<line number="27" hits="1" branch="false"/>
								<line number="32" hits="1" branch="false"/>
								<line number="37" hits="1" branch="false"/>
								<line number="42" hits="1" branch="false"/>
								<line number="47" hits="1" branch="false"/>
								<line number="52" hits="1" branch="false"/>
								<line number="57" hits="1" branch="false"/>
								<line number="62" hits="1" branch="false"/>
								<line number="67" hits="1" branch="false"/>
								<line number="72" hits="1" branch="false"/>
								<line number="77" hits="1" branch="false"/>
								<line number="82" hits="1" branch="false"/>
								<line number="87" hits="1" branch="false"/>
								<line number="92" hits="1" branch="false"/>
								<line number="97" hits="1" branch="false"/>
								<line number="102" hits="1" branch="false"/>
							</lines>
						</method>
						<method name="&lt;init&gt;" signature="(Ljava/lang/String;I)V" line-rate="1.0" branch-rate="1.0">
							<lines>
							</lines>
						</method>
						<method name="valueOf" signature="(Ljava/lang/String;)Lde/weltraumschaf/jebnf/parser/TokenType;" line-rate="1.0" branch-rate="1.0">
							<lines>
							</lines>
						</method>
						<method name="values" signature="()[Lde/weltraumschaf/jebnf/parser/TokenType;" line-rate="1.0" branch-rate="1.0">
							<lines>
							</lines>
						</method>
					</methods>
					<lines>
						<line number="22" hits="15" branch="false"/>
						<line number="27" hits="1" branch="false"/>
						<line number="32" hits="1" branch="false"/>
						<line number="37" hits="1" branch="false"/>
						<line number="42" hits="1" branch="false"/>
						<line number="47" hits="1" branch="false"/>
						<line number="52" hits="1" branch="false"/>
						<line number="57" hits="1" branch="false"/>
						<line number="62" hits="1" branch="false"/>
						<line number="67" hits="1" branch="false"/>
						<line number="72" hits="1" branch="false"/>
						<line number="77" hits="1" branch="false"/>
						<line number="82" hits="1" branch="false"/>
						<line number="87" hits="1" branch="false"/>
						<line number="92" hits="1" branch="false"/>
						<line number="97" hits="1" branch="false"/>
						<line number="102" hits="1" branch="false"/>
					</lines>
				</class>
			</classes>
		</package>
	</packages>
</coverage>
