<?xml version="1.0"?>
<!DOCTYPE coverage SYSTEM "http://cobertura.sourceforge.net/xml/coverage-04.dtd">

<coverage line-rate="0.5978835978835979" branch-rate="0.6111111111111112" lines-covered="113" lines-valid="189" branches-covered="33" branches-valid="54" complexity="1.64" version="1.9.4.1" timestamp="1346188725764">
	<sources>
		<source>/Users/sxs/src/java/jebnf/jebnf-cli/src/main/java</source>
		<source>--source</source>
	</sources>
	<packages>
		<package name="de.weltraumschaf.jebnf.cli" line-rate="0.5978835978835979" branch-rate="0.6111111111111112" complexity="1.64">
			<classes>
				<class name="de.weltraumschaf.jebnf.cli.CliApp" filename="de/weltraumschaf/jebnf/cli/CliApp.java" line-rate="0.0" branch-rate="1.0" complexity="1.5">
					<methods>
						<method name="&lt;init&gt;" signature="(Lde/weltraumschaf/jebnf/cli/CliOptions;Lde/weltraumschaf/jebnf/cli/IOStreams;)V" line-rate="0.0" branch-rate="1.0">
							<lines>
								<line number="45" hits="0" branch="false"/>
								<line number="58" hits="0" branch="false"/>
								<line number="59" hits="0" branch="false"/>
								<line number="60" hits="0" branch="false"/>
								<line number="61" hits="0" branch="false"/>
							</lines>
						</method>
						<method name="run" signature="()V" line-rate="0.0" branch-rate="1.0">
							<lines>
								<line number="65" hits="0" branch="false"/>
								<line number="66" hits="0" branch="false"/>
								<line number="67" hits="0" branch="false"/>
								<line number="68" hits="0" branch="false"/>
								<line number="69" hits="0" branch="false"/>
								<line number="72" hits="0" branch="false"/>
								<line number="73" hits="0" branch="false"/>
								<line number="74" hits="0" branch="false"/>
								<line number="75" hits="0" branch="false"/>
								<line number="76" hits="0" branch="false"/>
							</lines>
						</method>
					</methods>
					<lines>
						<line number="45" hits="0" branch="false"/>
						<line number="58" hits="0" branch="false"/>
						<line number="59" hits="0" branch="false"/>
						<line number="60" hits="0" branch="false"/>
						<line number="61" hits="0" branch="false"/>
						<line number="65" hits="0" branch="false"/>
						<line number="66" hits="0" branch="false"/>
						<line number="67" hits="0" branch="false"/>
						<line number="68" hits="0" branch="false"/>
						<line number="69" hits="0" branch="false"/>
						<line number="72" hits="0" branch="false"/>
						<line number="73" hits="0" branch="false"/>
						<line number="74" hits="0" branch="false"/>
						<line number="75" hits="0" branch="false"/>
						<line number="76" hits="0" branch="false"/>
					</lines>
				</class>
				<class name="de.weltraumschaf.jebnf.cli.CliOptions" filename="de/weltraumschaf/jebnf/cli/CliOptions.java" line-rate="1.0" branch-rate="0.8" complexity="1.0952380952380953">
					<methods>
						<method name="&lt;init&gt;" signature="()V" line-rate="1.0" branch-rate="1.0">
							<lines>
								<line number="45" hits="15" branch="false"/>
								<line number="50" hits="15" branch="false"/>
								<line number="79" hits="15" branch="false"/>
								<line number="80" hits="15" branch="false"/>
								<line number="82" hits="15" branch="false"/>
								<line number="83" hits="15" branch="false"/>
								<line number="84" hits="15" branch="false"/>
								<line number="86" hits="15" branch="false"/>
								<line number="89" hits="15" branch="false"/>
								<line number="90" hits="15" branch="false"/>
								<line number="91" hits="15" branch="false"/>
								<line number="92" hits="15" branch="false"/>
							</lines>
						</method>
						<method name="format" signature="(Lorg/apache/commons/cli/HelpFormatter;)V" line-rate="1.0" branch-rate="1.0">
							<lines>
								<line number="275" hits="1" branch="false"/>
								<line number="276" hits="1" branch="false"/>
							</lines>
						</method>
						<method name="getOptions" signature="()Lorg/apache/commons/cli/Options;" line-rate="1.0" branch-rate="1.0">
							<lines>
								<line number="100" hits="13" branch="false"/>
							</lines>
						</method>
						<method name="getOutputFile" signature="()Ljava/lang/String;" line-rate="1.0" branch-rate="1.0">
							<lines>
								<line number="210" hits="2" branch="false"/>
							</lines>
						</method>
						<method name="getOutputFormat" signature="()Lde/weltraumschaf/jebnf/cli/OutputFormat;" line-rate="1.0" branch-rate="1.0">
							<lines>
								<line number="192" hits="5" branch="false"/>
							</lines>
						</method>
						<method name="getSyntaxFile" signature="()Ljava/lang/String;" line-rate="1.0" branch-rate="1.0">
							<lines>
								<line number="228" hits="2" branch="false"/>
							</lines>
						</method>
						<method name="hasOutputFile" signature="()Z" line-rate="1.0" branch-rate="0.75">
							<lines>
								<line number="201" hits="3" branch="true" condition-coverage="75% (3/4)">
									<conditions>
										<condition number="0" type="jump" coverage="50%"/>
										<condition number="1" type="jump" coverage="100%"/>
									</conditions>
								</line>
							</lines>
						</method>
						<method name="hasOutputFormat" signature="()Z" line-rate="1.0" branch-rate="1.0">
							<lines>
								<line number="183" hits="16" branch="true" condition-coverage="100% (2/2)">
									<conditions>
										<condition number="0" type="jump" coverage="100%"/>
									</conditions>
								</line>
							</lines>
						</method>
						<method name="hasSyntaxFile" signature="()Z" line-rate="1.0" branch-rate="0.75">
							<lines>
								<line number="219" hits="8" branch="true" condition-coverage="75% (3/4)">
									<conditions>
										<condition number="0" type="jump" coverage="50%"/>
										<condition number="1" type="jump" coverage="100%"/>
									</conditions>
								</line>
							</lines>
						</method>
						<method name="isDebug" signature="()Z" line-rate="1.0" branch-rate="1.0">
							<lines>
								<line number="237" hits="6" branch="false"/>
							</lines>
						</method>
						<method name="isHelp" signature="()Z" line-rate="1.0" branch-rate="1.0">
							<lines>
								<line number="246" hits="6" branch="false"/>
							</lines>
						</method>
						<method name="isIde" signature="()Z" line-rate="1.0" branch-rate="1.0">
							<lines>
								<line number="264" hits="6" branch="false"/>
							</lines>
						</method>
						<method name="isTextTree" signature="()Z" line-rate="1.0" branch-rate="1.0">
							<lines>
								<line number="255" hits="6" branch="false"/>
							</lines>
						</method>
						<method name="parse" signature="([Ljava/lang/String;)V" line-rate="1.0" branch-rate="1.0">
							<lines>
								<line number="173" hits="12" branch="false"/>
								<line number="174" hits="12" branch="false"/>
								<line number="175" hits="12" branch="false"/>
							</lines>
						</method>
						<method name="setDebug" signature="(Z)V" line-rate="1.0" branch-rate="1.0">
							<lines>
								<line number="109" hits="1" branch="false"/>
								<line number="110" hits="1" branch="false"/>
							</lines>
						</method>
						<method name="setHelp" signature="(Z)V" line-rate="1.0" branch-rate="1.0">
							<lines>
								<line number="118" hits="1" branch="false"/>
								<line number="119" hits="1" branch="false"/>
							</lines>
						</method>
						<method name="setIde" signature="(Z)V" line-rate="1.0" branch-rate="1.0">
							<lines>
								<line number="127" hits="2" branch="false"/>
								<line number="128" hits="2" branch="false"/>
							</lines>
						</method>
						<method name="setOutputFile" signature="(Ljava/lang/String;)V" line-rate="1.0" branch-rate="1.0">
							<lines>
								<line number="136" hits="2" branch="false"/>
								<line number="137" hits="2" branch="false"/>
							</lines>
						</method>
						<method name="setOutputFormat" signature="(Lde/weltraumschaf/jebnf/cli/OutputFormat;)V" line-rate="1.0" branch-rate="1.0">
							<lines>
								<line number="145" hits="5" branch="false"/>
								<line number="146" hits="5" branch="false"/>
							</lines>
						</method>
						<method name="setSyntaxFile" signature="(Ljava/lang/String;)V" line-rate="1.0" branch-rate="1.0">
							<lines>
								<line number="154" hits="2" branch="false"/>
								<line number="155" hits="2" branch="false"/>
							</lines>
						</method>
						<method name="setTextTree" signature="(Z)V" line-rate="1.0" branch-rate="1.0">
							<lines>
								<line number="163" hits="1" branch="false"/>
								<line number="164" hits="1" branch="false"/>
							</lines>
						</method>
					</methods>
					<lines>
						<line number="45" hits="15" branch="false"/>
						<line number="50" hits="15" branch="false"/>
						<line number="79" hits="15" branch="false"/>
						<line number="80" hits="15" branch="false"/>
						<line number="82" hits="15" branch="false"/>
						<line number="83" hits="15" branch="false"/>
						<line number="84" hits="15" branch="false"/>
						<line number="86" hits="15" branch="false"/>
						<line number="89" hits="15" branch="false"/>
						<line number="90" hits="15" branch="false"/>
						<line number="91" hits="15" branch="false"/>
						<line number="92" hits="15" branch="false"/>
						<line number="100" hits="13" branch="false"/>
						<line number="109" hits="1" branch="false"/>
						<line number="110" hits="1" branch="false"/>
						<line number="118" hits="1" branch="false"/>
						<line number="119" hits="1" branch="false"/>
						<line number="127" hits="2" branch="false"/>
						<line number="128" hits="2" branch="false"/>
						<line number="136" hits="2" branch="false"/>
						<line number="137" hits="2" branch="false"/>
						<line number="145" hits="5" branch="false"/>
						<line number="146" hits="5" branch="false"/>
						<line number="154" hits="2" branch="false"/>
						<line number="155" hits="2" branch="false"/>
						<line number="163" hits="1" branch="false"/>
						<line number="164" hits="1" branch="false"/>
						<line number="173" hits="12" branch="false"/>
						<line number="174" hits="12" branch="false"/>
						<line number="175" hits="12" branch="false"/>
						<line number="183" hits="16" branch="true" condition-coverage="100% (2/2)">
							<conditions>
								<condition number="0" type="jump" coverage="100%"/>
							</conditions>
						</line>
						<line number="192" hits="5" branch="false"/>
						<line number="201" hits="3" branch="true" condition-coverage="75% (3/4)">
							<conditions>
								<condition number="0" type="jump" coverage="50%"/>
								<condition number="1" type="jump" coverage="100%"/>
							</conditions>
						</line>
						<line number="210" hits="2" branch="false"/>
						<line number="219" hits="8" branch="true" condition-coverage="75% (3/4)">
							<conditions>
								<condition number="0" type="jump" coverage="50%"/>
								<condition number="1" type="jump" coverage="100%"/>
							</conditions>
						</line>
						<line number="228" hits="2" branch="false"/>
						<line number="237" hits="6" branch="false"/>
						<line number="246" hits="6" branch="false"/>
						<line number="255" hits="6" branch="false"/>
						<line number="264" hits="6" branch="false"/>
						<line number="275" hits="1" branch="false"/>
						<line number="276" hits="1" branch="false"/>
					</lines>
				</class>
				<class name="de.weltraumschaf.jebnf.cli.IOStreams" filename="de/weltraumschaf/jebnf/cli/IOStreams.java" line-rate="0.75" branch-rate="1.0" complexity="1.0">
					<methods>
						<method name="&lt;init&gt;" signature="(Ljava/io/InputStream;Ljava/io/PrintStream;Ljava/io/PrintStream;)V" line-rate="1.0" branch-rate="1.0">
							<lines>
								<line number="46" hits="4" branch="false"/>
								<line number="47" hits="4" branch="false"/>
								<line number="48" hits="4" branch="false"/>
								<line number="49" hits="4" branch="false"/>
								<line number="50" hits="4" branch="false"/>
							</lines>
						</method>
						<method name="getStderr" signature="()Ljava/io/PrintStream;" line-rate="0.0" branch-rate="1.0">
							<lines>
								<line number="58" hits="0" branch="false"/>
							</lines>
						</method>
						<method name="getStdin" signature="()Ljava/io/InputStream;" line-rate="0.0" branch-rate="1.0">
							<lines>
								<line number="67" hits="0" branch="false"/>
							</lines>
						</method>
						<method name="getStdout" signature="()Ljava/io/PrintStream;" line-rate="1.0" branch-rate="1.0">
							<lines>
								<line number="76" hits="2" branch="false"/>
							</lines>
						</method>
					</methods>
					<lines>
						<line number="46" hits="4" branch="false"/>
						<line number="47" hits="4" branch="false"/>
						<line number="48" hits="4" branch="false"/>
						<line number="49" hits="4" branch="false"/>
						<line number="50" hits="4" branch="false"/>
						<line number="58" hits="0" branch="false"/>
						<line number="67" hits="0" branch="false"/>
						<line number="76" hits="2" branch="false"/>
					</lines>
				</class>
				<class name="de.weltraumschaf.jebnf.cli.Invokeable" filename="de/weltraumschaf/jebnf/cli/Invokeable.java" line-rate="1.0" branch-rate="1.0" complexity="1.0">
					<methods>
					</methods>
					<lines>
					</lines>
				</class>
				<class name="de.weltraumschaf.jebnf.cli.Invoker" filename="de/weltraumschaf/jebnf/cli/Invoker.java" line-rate="0.2236842105263158" branch-rate="0.0" complexity="2.230769230769231">
					<methods>
						<method name="&lt;clinit&gt;" signature="()V" line-rate="1.0" branch-rate="1.0">
							<lines>
								<line number="40" hits="1" branch="false"/>
								<line number="45" hits="1" branch="false"/>
							</lines>
						</method>
						<method name="&lt;init&gt;" signature="([Ljava/lang/String;)V" line-rate="0.0" branch-rate="1.0">
							<lines>
								<line number="68" hits="0" branch="false"/>
								<line number="69" hits="0" branch="false"/>
							</lines>
						</method>
						<method name="&lt;init&gt;" signature="([Ljava/lang/String;Lde/weltraumschaf/jebnf/cli/IOStreams;)V" line-rate="1.0" branch-rate="1.0">
							<lines>
								<line number="78" hits="1" branch="false"/>
								<line number="79" hits="1" branch="false"/>
							</lines>
						</method>
						<method name="&lt;init&gt;" signature="([Ljava/lang/String;Lde/weltraumschaf/jebnf/cli/IOStreams;Lde/weltraumschaf/jebnf/cli/CliOptions;)V" line-rate="1.0" branch-rate="1.0">
							<lines>
								<line number="89" hits="3" branch="false"/>
								<line number="90" hits="3" branch="false"/>
								<line number="91" hits="3" branch="false"/>
								<line number="92" hits="3" branch="false"/>
								<line number="93" hits="3" branch="false"/>
							</lines>
						</method>
						<method name="exit" signature="(I)V" line-rate="0.0" branch-rate="1.0">
							<lines>
								<line number="119" hits="0" branch="false"/>
								<line number="120" hits="0" branch="false"/>
							</lines>
						</method>
						<method name="exit" signature="(Lde/weltraumschaf/jebnf/ExitCode;)V" line-rate="0.0" branch-rate="1.0">
							<lines>
								<line number="110" hits="0" branch="false"/>
								<line number="111" hits="0" branch="false"/>
							</lines>
						</method>
						<method name="getOptions" signature="()Lde/weltraumschaf/jebnf/cli/CliOptions;" line-rate="1.0" branch-rate="1.0">
							<lines>
								<line number="254" hits="1" branch="false"/>
							</lines>
						</method>
						<method name="main" signature="([Ljava/lang/String;)V" line-rate="0.0" branch-rate="1.0">
							<lines>
								<line number="101" hits="0" branch="false"/>
								<line number="102" hits="0" branch="false"/>
							</lines>
						</method>
						<method name="parseOptions" signature="()V" line-rate="1.0" branch-rate="1.0">
							<lines>
								<line number="148" hits="2" branch="false"/>
								<line number="149" hits="1" branch="false"/>
								<line number="150" hits="1" branch="false"/>
								<line number="151" hits="1" branch="false"/>
								<line number="152" hits="1" branch="false"/>
							</lines>
						</method>
						<method name="println" signature="(Ljava/lang/String;)V" line-rate="1.0" branch-rate="1.0">
							<lines>
								<line number="128" hits="1" branch="false"/>
								<line number="129" hits="1" branch="false"/>
							</lines>
						</method>
						<method name="printlnErr" signature="(Ljava/lang/String;)V" line-rate="0.0" branch-rate="1.0">
							<lines>
								<line number="137" hits="0" branch="false"/>
								<line number="138" hits="0" branch="false"/>
							</lines>
						</method>
						<method name="run" signature="()V" line-rate="0.0" branch-rate="0.0">
							<lines>
								<line number="161" hits="0" branch="false"/>
								<line number="163" hits="0" branch="true" condition-coverage="0% (0/2)">
									<conditions>
										<condition number="0" type="jump" coverage="0%"/>
									</conditions>
								</line>
								<line number="164" hits="0" branch="false"/>
								<line number="165" hits="0" branch="false"/>
								<line number="168" hits="0" branch="true" condition-coverage="0% (0/2)">
									<conditions>
										<condition number="0" type="jump" coverage="0%"/>
									</conditions>
								</line>
								<line number="169" hits="0" branch="false"/>
								<line number="171" hits="0" branch="false"/>
								<line number="173" hits="0" branch="false"/>
								<line number="174" hits="0" branch="false"/>
								<line number="176" hits="0" branch="true" condition-coverage="0% (0/2)">
									<conditions>
										<condition number="0" type="jump" coverage="0%"/>
									</conditions>
								</line>
								<line number="177" hits="0" branch="false"/>
								<line number="180" hits="0" branch="false"/>
								<line number="181" hits="0" branch="false"/>
								<line number="182" hits="0" branch="false"/>
								<line number="184" hits="0" branch="true" condition-coverage="0% (0/2)">
									<conditions>
										<condition number="0" type="jump" coverage="0%"/>
									</conditions>
								</line>
								<line number="185" hits="0" branch="false"/>
								<line number="188" hits="0" branch="false"/>
								<line number="189" hits="0" branch="false"/>
								<line number="190" hits="0" branch="false"/>
							</lines>
						</method>
						<method name="runCliApp" signature="()V" line-rate="0.0" branch-rate="0.0">
							<lines>
								<line number="196" hits="0" branch="true" condition-coverage="0% (0/2)">
									<conditions>
										<condition number="0" type="jump" coverage="0%"/>
									</conditions>
								</line>
								<line number="197" hits="0" branch="false"/>
								<line number="198" hits="0" branch="false"/>
								<line number="201" hits="0" branch="false"/>
								<line number="204" hits="0" branch="false"/>
								<line number="205" hits="0" branch="false"/>
								<line number="207" hits="0" branch="true" condition-coverage="0% (0/2)">
									<conditions>
										<condition number="0" type="jump" coverage="0%"/>
									</conditions>
								</line>
								<line number="208" hits="0" branch="false"/>
								<line number="209" hits="0" branch="false"/>
								<line number="210" hits="0" branch="false"/>
								<line number="212" hits="0" branch="false"/>
								<line number="213" hits="0" branch="false"/>
								<line number="215" hits="0" branch="true" condition-coverage="0% (0/2)">
									<conditions>
										<condition number="0" type="jump" coverage="0%"/>
									</conditions>
								</line>
								<line number="216" hits="0" branch="false"/>
								<line number="219" hits="0" branch="false"/>
								<line number="220" hits="0" branch="false"/>
								<line number="221" hits="0" branch="false"/>
								<line number="223" hits="0" branch="true" condition-coverage="0% (0/2)">
									<conditions>
										<condition number="0" type="jump" coverage="0%"/>
									</conditions>
								</line>
								<line number="224" hits="0" branch="false"/>
								<line number="227" hits="0" branch="false"/>
								<line number="228" hits="0" branch="false"/>
								<line number="229" hits="0" branch="false"/>
								<line number="231" hits="0" branch="true" condition-coverage="0% (0/2)">
									<conditions>
										<condition number="0" type="jump" coverage="0%"/>
									</conditions>
								</line>
								<line number="232" hits="0" branch="false"/>
								<line number="235" hits="0" branch="false"/>
								<line number="236" hits="0" branch="false"/>
								<line number="238" hits="0" branch="false"/>
								<line number="239" hits="0" branch="false"/>
							</lines>
						</method>
						<method name="runGuiIde" signature="()V" line-rate="0.0" branch-rate="1.0">
							<lines>
								<line number="245" hits="0" branch="false"/>
								<line number="246" hits="0" branch="false"/>
							</lines>
						</method>
					</methods>
					<lines>
						<line number="40" hits="1" branch="false"/>
						<line number="45" hits="1" branch="false"/>
						<line number="68" hits="0" branch="false"/>
						<line number="69" hits="0" branch="false"/>
						<line number="78" hits="1" branch="false"/>
						<line number="79" hits="1" branch="false"/>
						<line number="89" hits="3" branch="false"/>
						<line number="90" hits="3" branch="false"/>
						<line number="91" hits="3" branch="false"/>
						<line number="92" hits="3" branch="false"/>
						<line number="93" hits="3" branch="false"/>
						<line number="101" hits="0" branch="false"/>
						<line number="102" hits="0" branch="false"/>
						<line number="110" hits="0" branch="false"/>
						<line number="111" hits="0" branch="false"/>
						<line number="119" hits="0" branch="false"/>
						<line number="120" hits="0" branch="false"/>
						<line number="128" hits="1" branch="false"/>
						<line number="129" hits="1" branch="false"/>
						<line number="137" hits="0" branch="false"/>
						<line number="138" hits="0" branch="false"/>
						<line number="148" hits="2" branch="false"/>
						<line number="149" hits="1" branch="false"/>
						<line number="150" hits="1" branch="false"/>
						<line number="151" hits="1" branch="false"/>
						<line number="152" hits="1" branch="false"/>
						<line number="161" hits="0" branch="false"/>
						<line number="163" hits="0" branch="true" condition-coverage="0% (0/2)">
							<conditions>
								<condition number="0" type="jump" coverage="0%"/>
							</conditions>
						</line>
						<line number="164" hits="0" branch="false"/>
						<line number="165" hits="0" branch="false"/>
						<line number="168" hits="0" branch="true" condition-coverage="0% (0/2)">
							<conditions>
								<condition number="0" type="jump" coverage="0%"/>
							</conditions>
						</line>
						<line number="169" hits="0" branch="false"/>
						<line number="171" hits="0" branch="false"/>
						<line number="173" hits="0" branch="false"/>
						<line number="174" hits="0" branch="false"/>
						<line number="176" hits="0" branch="true" condition-coverage="0% (0/2)">
							<conditions>
								<condition number="0" type="jump" coverage="0%"/>
							</conditions>
						</line>
						<line number="177" hits="0" branch="false"/>
						<line number="180" hits="0" branch="false"/>
						<line number="181" hits="0" branch="false"/>
						<line number="182" hits="0" branch="false"/>
						<line number="184" hits="0" branch="true" condition-coverage="0% (0/2)">
							<conditions>
								<condition number="0" type="jump" coverage="0%"/>
							</conditions>
						</line>
						<line number="185" hits="0" branch="false"/>
						<line number="188" hits="0" branch="false"/>
						<line number="189" hits="0" branch="false"/>
						<line number="190" hits="0" branch="false"/>
						<line number="196" hits="0" branch="true" condition-coverage="0% (0/2)">
							<conditions>
								<condition number="0" type="jump" coverage="0%"/>
							</conditions>
						</line>
						<line number="197" hits="0" branch="false"/>
						<line number="198" hits="0" branch="false"/>
						<line number="201" hits="0" branch="false"/>
						<line number="204" hits="0" branch="false"/>
						<line number="205" hits="0" branch="false"/>
						<line number="207" hits="0" branch="true" condition-coverage="0% (0/2)">
							<conditions>
								<condition number="0" type="jump" coverage="0%"/>
							</conditions>
						</line>
						<line number="208" hits="0" branch="false"/>
						<line number="209" hits="0" branch="false"/>
						<line number="210" hits="0" branch="false"/>
						<line number="212" hits="0" branch="false"/>
						<line number="213" hits="0" branch="false"/>
						<line number="215" hits="0" branch="true" condition-coverage="0% (0/2)">
							<conditions>
								<condition number="0" type="jump" coverage="0%"/>
							</conditions>
						</line>
						<line number="216" hits="0" branch="false"/>
						<line number="219" hits="0" branch="false"/>
						<line number="220" hits="0" branch="false"/>
						<line number="221" hits="0" branch="false"/>
						<line number="223" hits="0" branch="true" condition-coverage="0% (0/2)">
							<conditions>
								<condition number="0" type="jump" coverage="0%"/>
							</conditions>
						</line>
						<line number="224" hits="0" branch="false"/>
						<line number="227" hits="0" branch="false"/>
						<line number="228" hits="0" branch="false"/>
						<line number="229" hits="0" branch="false"/>
						<line number="231" hits="0" branch="true" condition-coverage="0% (0/2)">
							<conditions>
								<condition number="0" type="jump" coverage="0%"/>
							</conditions>
						</line>
						<line number="232" hits="0" branch="false"/>
						<line number="235" hits="0" branch="false"/>
						<line number="236" hits="0" branch="false"/>
						<line number="238" hits="0" branch="false"/>
						<line number="239" hits="0" branch="false"/>
						<line number="245" hits="0" branch="false"/>
						<line number="246" hits="0" branch="false"/>
						<line number="254" hits="1" branch="false"/>
					</lines>
				</class>
				<class name="de.weltraumschaf.jebnf.cli.OptionsParser" filename="de/weltraumschaf/jebnf/cli/OptionsParser.java" line-rate="1.0" branch-rate="0.9615384615384616" complexity="2.4444444444444446">
					<methods>
						<method name="&lt;init&gt;" signature="(Lde/weltraumschaf/jebnf/cli/CliOptions;)V" line-rate="1.0" branch-rate="1.0">
							<lines>
								<line number="76" hits="12" branch="false"/>
								<line number="77" hits="12" branch="false"/>
								<line number="78" hits="12" branch="false"/>
							</lines>
						</method>
						<method name="optDebug" signature="(Lorg/apache/commons/cli/CommandLine;)V" line-rate="1.0" branch-rate="1.0">
							<lines>
								<line number="162" hits="12" branch="true" condition-coverage="100% (2/2)">
									<conditions>
										<condition number="0" type="jump" coverage="100%"/>
									</conditions>
								</line>
								<line number="163" hits="1" branch="false"/>
								<line number="165" hits="12" branch="false"/>
							</lines>
						</method>
						<method name="optFormat" signature="(Lorg/apache/commons/cli/CommandLine;)V" line-rate="1.0" branch-rate="1.0">
							<lines>
								<line number="116" hits="12" branch="true" condition-coverage="100% (2/2)">
									<conditions>
										<condition number="0" type="jump" coverage="100%"/>
									</conditions>
								</line>
								<line number="117" hits="5" branch="false"/>
								<line number="119" hits="5" branch="true" condition-coverage="100% (2/2)">
									<conditions>
										<condition number="0" type="jump" coverage="100%"/>
									</conditions>
								</line>
								<line number="120" hits="2" branch="false"/>
								<line number="121" hits="3" branch="true" condition-coverage="100% (2/2)">
									<conditions>
										<condition number="0" type="jump" coverage="100%"/>
									</conditions>
								</line>
								<line number="122" hits="1" branch="false"/>
								<line number="123" hits="2" branch="true" condition-coverage="100% (2/2)">
									<conditions>
										<condition number="0" type="jump" coverage="100%"/>
									</conditions>
								</line>
								<line number="124" hits="1" branch="false"/>
								<line number="126" hits="1" branch="false"/>
								<line number="129" hits="12" branch="false"/>
							</lines>
						</method>
						<method name="optHelp" signature="(Lorg/apache/commons/cli/CommandLine;)V" line-rate="1.0" branch-rate="1.0">
							<lines>
								<line number="173" hits="12" branch="true" condition-coverage="100% (2/2)">
									<conditions>
										<condition number="0" type="jump" coverage="100%"/>
									</conditions>
								</line>
								<line number="174" hits="1" branch="false"/>
								<line number="176" hits="12" branch="false"/>
							</lines>
						</method>
						<method name="optIde" signature="(Lorg/apache/commons/cli/CommandLine;)V" line-rate="1.0" branch-rate="0.75">
							<lines>
								<line number="184" hits="12" branch="true" condition-coverage="75% (3/4)">
									<conditions>
										<condition number="0" type="jump" coverage="100%"/>
										<condition number="1" type="jump" coverage="50%"/>
									</conditions>
								</line>
								<line number="185" hits="2" branch="false"/>
								<line number="187" hits="12" branch="false"/>
							</lines>
						</method>
						<method name="optOutputFile" signature="(Lorg/apache/commons/cli/CommandLine;)V" line-rate="1.0" branch-rate="1.0">
							<lines>
								<line number="137" hits="12" branch="true" condition-coverage="100% (2/2)">
									<conditions>
										<condition number="0" type="jump" coverage="100%"/>
									</conditions>
								</line>
								<line number="138" hits="1" branch="false"/>
								<line number="139" hits="11" branch="true" condition-coverage="100% (4/4)">
									<conditions>
										<condition number="0" type="jump" coverage="100%"/>
										<condition number="1" type="jump" coverage="100%"/>
									</conditions>
								</line>
								<line number="140" hits="1" branch="false"/>
								<line number="141" hits="1" branch="false"/>
								<line number="143" hits="12" branch="false"/>
							</lines>
						</method>
						<method name="optSyntax" signature="(Lorg/apache/commons/cli/CommandLine;)V" line-rate="1.0" branch-rate="1.0">
							<lines>
								<line number="105" hits="12" branch="true" condition-coverage="100% (2/2)">
									<conditions>
										<condition number="0" type="jump" coverage="100%"/>
									</conditions>
								</line>
								<line number="106" hits="2" branch="false"/>
								<line number="108" hits="12" branch="false"/>
							</lines>
						</method>
						<method name="optTextTree" signature="(Lorg/apache/commons/cli/CommandLine;)V" line-rate="1.0" branch-rate="1.0">
							<lines>
								<line number="151" hits="12" branch="true" condition-coverage="100% (2/2)">
									<conditions>
										<condition number="0" type="jump" coverage="100%"/>
									</conditions>
								</line>
								<line number="152" hits="1" branch="false"/>
								<line number="154" hits="12" branch="false"/>
							</lines>
						</method>
						<method name="parse" signature="([Ljava/lang/String;)V" line-rate="1.0" branch-rate="1.0">
							<lines>
								<line number="87" hits="12" branch="false"/>
								<line number="88" hits="12" branch="false"/>
								<line number="90" hits="12" branch="false"/>
								<line number="91" hits="12" branch="false"/>
								<line number="92" hits="12" branch="false"/>
								<line number="93" hits="12" branch="false"/>
								<line number="94" hits="12" branch="false"/>
								<line number="95" hits="12" branch="false"/>
								<line number="96" hits="12" branch="false"/>
								<line number="97" hits="12" branch="false"/>
							</lines>
						</method>
					</methods>
					<lines>
						<line number="76" hits="12" branch="false"/>
						<line number="77" hits="12" branch="false"/>
						<line number="78" hits="12" branch="false"/>
						<line number="87" hits="12" branch="false"/>
						<line number="88" hits="12" branch="false"/>
						<line number="90" hits="12" branch="false"/>
						<line number="91" hits="12" branch="false"/>
						<line number="92" hits="12" branch="false"/>
						<line number="93" hits="12" branch="false"/>
						<line number="94" hits="12" branch="false"/>
						<line number="95" hits="12" branch="false"/>
						<line number="96" hits="12" branch="false"/>
						<line number="97" hits="12" branch="false"/>
						<line number="105" hits="12" branch="true" condition-coverage="100% (2/2)">
							<conditions>
								<condition number="0" type="jump" coverage="100%"/>
							</conditions>
						</line>
						<line number="106" hits="2" branch="false"/>
						<line number="108" hits="12" branch="false"/>
						<line number="116" hits="12" branch="true" condition-coverage="100% (2/2)">
							<conditions>
								<condition number="0" type="jump" coverage="100%"/>
							</conditions>
						</line>
						<line number="117" hits="5" branch="false"/>
						<line number="119" hits="5" branch="true" condition-coverage="100% (2/2)">
							<conditions>
								<condition number="0" type="jump" coverage="100%"/>
							</conditions>
						</line>
						<line number="120" hits="2" branch="false"/>
						<line number="121" hits="3" branch="true" condition-coverage="100% (2/2)">
							<conditions>
								<condition number="0" type="jump" coverage="100%"/>
							</conditions>
						</line>
						<line number="122" hits="1" branch="false"/>
						<line number="123" hits="2" branch="true" condition-coverage="100% (2/2)">
							<conditions>
								<condition number="0" type="jump" coverage="100%"/>
							</conditions>
						</line>
						<line number="124" hits="1" branch="false"/>
						<line number="126" hits="1" branch="false"/>
						<line number="129" hits="12" branch="false"/>
						<line number="137" hits="12" branch="true" condition-coverage="100% (2/2)">
							<conditions>
								<condition number="0" type="jump" coverage="100%"/>
							</conditions>
						</line>
						<line number="138" hits="1" branch="false"/>
						<line number="139" hits="11" branch="true" condition-coverage="100% (4/4)">
							<conditions>
								<condition number="0" type="jump" coverage="100%"/>
								<condition number="1" type="jump" coverage="100%"/>
							</conditions>
						</line>
						<line number="140" hits="1" branch="false"/>
						<line number="141" hits="1" branch="false"/>
						<line number="143" hits="12" branch="false"/>
						<line number="151" hits="12" branch="true" condition-coverage="100% (2/2)">
							<conditions>
								<condition number="0" type="jump" coverage="100%"/>
							</conditions>
						</line>
						<line number="152" hits="1" branch="false"/>
						<line number="154" hits="12" branch="false"/>
						<line number="162" hits="12" branch="true" condition-coverage="100% (2/2)">
							<conditions>
								<condition number="0" type="jump" coverage="100%"/>
							</conditions>
						</line>
						<line number="163" hits="1" branch="false"/>
						<line number="165" hits="12" branch="false"/>
						<line number="173" hits="12" branch="true" condition-coverage="100% (2/2)">
							<conditions>
								<condition number="0" type="jump" coverage="100%"/>
							</conditions>
						</line>
						<line number="174" hits="1" branch="false"/>
						<line number="176" hits="12" branch="false"/>
						<line number="184" hits="12" branch="true" condition-coverage="75% (3/4)">
							<conditions>
								<condition number="0" type="jump" coverage="100%"/>
								<condition number="1" type="jump" coverage="50%"/>
							</conditions>
						</line>
						<line number="185" hits="2" branch="false"/>
						<line number="187" hits="12" branch="false"/>
					</lines>
				</class>
				<class name="de.weltraumschaf.jebnf.cli.OutputFormat" filename="de/weltraumschaf/jebnf/cli/OutputFormat.java" line-rate="1.0" branch-rate="1.0" complexity="0.0">
					<methods>
						<method name="&lt;clinit&gt;" signature="()V" line-rate="1.0" branch-rate="1.0">
							<lines>
								<line number="21" hits="4" branch="false"/>
								<line number="26" hits="1" branch="false"/>
								<line number="31" hits="1" branch="false"/>
								<line number="36" hits="1" branch="false"/>
							</lines>
						</method>
						<method name="&lt;init&gt;" signature="(Ljava/lang/String;I)V" line-rate="1.0" branch-rate="1.0">
							<lines>
							</lines>
						</method>
						<method name="valueOf" signature="(Ljava/lang/String;)Lde/weltraumschaf/jebnf/cli/OutputFormat;" line-rate="1.0" branch-rate="1.0">
							<lines>
							</lines>
						</method>
						<method name="values" signature="()[Lde/weltraumschaf/jebnf/cli/OutputFormat;" line-rate="1.0" branch-rate="1.0">
							<lines>
							</lines>
						</method>
					</methods>
					<lines>
						<line number="21" hits="4" branch="false"/>
						<line number="26" hits="1" branch="false"/>
						<line number="31" hits="1" branch="false"/>
						<line number="36" hits="1" branch="false"/>
					</lines>
				</class>
			</classes>
		</package>
	</packages>
</coverage>
