<?xml version="1.0"?>
<!DOCTYPE coverage SYSTEM "http://cobertura.sourceforge.net/xml/coverage-04.dtd">

<coverage line-rate="0.0" branch-rate="1.0" lines-covered="0" lines-valid="6" branches-covered="0" branches-valid="0" complexity="1.0" version="1.9.4.1" timestamp="1346830771836">
	<sources>
		<source>/Users/sxs/src/java/jebnf/jebnf-gui/src/main/java</source>
		<source>--source</source>
	</sources>
	<packages>
		<package name="de.weltraumschaf.jebnf.gui" line-rate="0.0" branch-rate="1.0" complexity="1.0">
			<classes>
				<class name="de.weltraumschaf.jebnf.gui.RailroadDiagramPanel" filename="de/weltraumschaf/jebnf/gui/RailroadDiagramPanel.java" line-rate="0.0" branch-rate="1.0" complexity="1.0">
					<methods>
						<method name="&lt;init&gt;" signature="(Lde/weltraumschaf/jebnf/gfx/RailroadDiagram;)V" line-rate="0.0" branch-rate="1.0">
							<lines>
								<line number="41" hits="0" branch="false"/>
								<line number="42" hits="0" branch="false"/>
								<line number="43" hits="0" branch="false"/>
							</lines>
						</method>
						<method name="paintComponent" signature="(Ljava/awt/Graphics;)V" line-rate="0.0" branch-rate="1.0">
							<lines>
								<line number="47" hits="0" branch="false"/>
								<line number="48" hits="0" branch="false"/>
								<line number="49" hits="0" branch="false"/>
							</lines>
						</method>
					</methods>
					<lines>
						<line number="41" hits="0" branch="false"/>
						<line number="42" hits="0" branch="false"/>
						<line number="43" hits="0" branch="false"/>
						<line number="47" hits="0" branch="false"/>
						<line number="48" hits="0" branch="false"/>
						<line number="49" hits="0" branch="false"/>
					</lines>
				</class>
			</classes>
		</package>
	</packages>
</coverage>
