<?xml version="1.0"?>
<!DOCTYPE coverage SYSTEM "http://cobertura.sourceforge.net/xml/coverage-04.dtd">

<coverage line-rate="0.0" branch-rate="1.0" lines-covered="0" lines-valid="24" branches-covered="0" branches-valid="0" complexity="1.0" version="1.9.4.1" timestamp="1349472895941">
	<sources>
		<source>/Users/sxs/src/java/jebnf/jebnf-gui/src/main/java</source>
		<source>--source</source>
	</sources>
	<packages>
		<package name="de.weltraumschaf.jebnf.gui" line-rate="0.0" branch-rate="1.0" complexity="1.0">
			<classes>
				<class name="de.weltraumschaf.jebnf.gui.MainWindow" filename="de/weltraumschaf/jebnf/gui/MainWindow.java" line-rate="0.0" branch-rate="1.0" complexity="1.0">
					<methods>
						<method name="&lt;clinit&gt;" signature="()V" line-rate="0.0" branch-rate="1.0">
							<lines>
								<line number="35" hits="0" branch="false"/>
							</lines>
						</method>
						<method name="&lt;init&gt;" signature="(Ljava/lang/String;Lde/weltraumschaf/jebnf/gui/RailroadDiagramPanel;)V" line-rate="0.0" branch-rate="1.0">
							<lines>
								<line number="54" hits="0" branch="false"/>
								<line number="55" hits="0" branch="false"/>
								<line number="56" hits="0" branch="false"/>
							</lines>
						</method>
						<method name="access$100" signature="()Ljava/util/logging/Logger;" line-rate="0.0" branch-rate="1.0">
							<lines>
								<line number="30" hits="0" branch="false"/>
							</lines>
						</method>
						<method name="initMenu" signature="()V" line-rate="0.0" branch-rate="1.0">
							<lines>
								<line number="81" hits="0" branch="false"/>
								<line number="105" hits="0" branch="false"/>
								<line number="106" hits="0" branch="false"/>
							</lines>
						</method>
						<method name="initPanel" signature="()V" line-rate="0.0" branch-rate="1.0">
							<lines>
								<line number="110" hits="0" branch="false"/>
								<line number="111" hits="0" branch="false"/>
							</lines>
						</method>
						<method name="initToolBar" signature="()V" line-rate="0.0" branch-rate="1.0">
							<lines>
								<line number="60" hits="0" branch="false"/>
								<line number="75" hits="0" branch="false"/>
								<line number="76" hits="0" branch="false"/>
								<line number="77" hits="0" branch="false"/>
							</lines>
						</method>
					</methods>
					<lines>
						<line number="30" hits="0" branch="false"/>
						<line number="35" hits="0" branch="false"/>
						<line number="54" hits="0" branch="false"/>
						<line number="55" hits="0" branch="false"/>
						<line number="56" hits="0" branch="false"/>
						<line number="60" hits="0" branch="false"/>
						<line number="75" hits="0" branch="false"/>
						<line number="76" hits="0" branch="false"/>
						<line number="77" hits="0" branch="false"/>
						<line number="81" hits="0" branch="false"/>
						<line number="105" hits="0" branch="false"/>
						<line number="106" hits="0" branch="false"/>
						<line number="110" hits="0" branch="false"/>
						<line number="111" hits="0" branch="false"/>
					</lines>
				</class>
				<class name="de.weltraumschaf.jebnf.gui.MainWindow$1" filename="de/weltraumschaf/jebnf/gui/MainWindow.java" line-rate="1.0" branch-rate="1.0" complexity="1.0">
					<methods>
					</methods>
					<lines>
					</lines>
				</class>
				<class name="de.weltraumschaf.jebnf.gui.MainWindow$Listener" filename="de/weltraumschaf/jebnf/gui/MainWindow.java" line-rate="0.0" branch-rate="1.0" complexity="1.0">
					<methods>
						<method name="&lt;init&gt;" signature="(Lde/weltraumschaf/jebnf/gui/MainWindow;)V" line-rate="1.0" branch-rate="1.0">
							<lines>
							</lines>
						</method>
						<method name="&lt;init&gt;" signature="(Lde/weltraumschaf/jebnf/gui/MainWindow;Lde/weltraumschaf/jebnf/gui/MainWindow$1;)V" line-rate="0.0" branch-rate="1.0">
							<lines>
								<line number="118" hits="0" branch="false"/>
							</lines>
						</method>
						<method name="actionPerformed" signature="(Ljava/awt/event/ActionEvent;)V" line-rate="0.0" branch-rate="1.0">
							<lines>
								<line number="122" hits="0" branch="false"/>
								<line number="123" hits="0" branch="false"/>
								<line number="124" hits="0" branch="false"/>
							</lines>
						</method>
					</methods>
					<lines>
						<line number="118" hits="0" branch="false"/>
						<line number="122" hits="0" branch="false"/>
						<line number="123" hits="0" branch="false"/>
						<line number="124" hits="0" branch="false"/>
					</lines>
				</class>
				<class name="de.weltraumschaf.jebnf.gui.RailroadDiagramPanel" filename="de/weltraumschaf/jebnf/gui/RailroadDiagramPanel.java" line-rate="0.0" branch-rate="1.0" complexity="1.0">
					<methods>
						<method name="&lt;init&gt;" signature="(Lde/weltraumschaf/jebnf/gfx/RailroadDiagram;)V" line-rate="0.0" branch-rate="1.0">
							<lines>
								<line number="36" hits="0" branch="false"/>
								<line number="37" hits="0" branch="false"/>
								<line number="38" hits="0" branch="false"/>
							</lines>
						</method>
						<method name="paintComponent" signature="(Ljava/awt/Graphics;)V" line-rate="0.0" branch-rate="1.0">
							<lines>
								<line number="42" hits="0" branch="false"/>
								<line number="43" hits="0" branch="false"/>
								<line number="44" hits="0" branch="false"/>
							</lines>
						</method>
					</methods>
					<lines>
						<line number="36" hits="0" branch="false"/>
						<line number="37" hits="0" branch="false"/>
						<line number="38" hits="0" branch="false"/>
						<line number="42" hits="0" branch="false"/>
						<line number="43" hits="0" branch="false"/>
						<line number="44" hits="0" branch="false"/>
					</lines>
				</class>
			</classes>
		</package>
	</packages>
</coverage>
